<?xml version="1.0" encoding="utf-8"?>
<!DOCTYPE coverage SYSTEM "http://cobertura.sourceforge.net/xml/coverage-04.dtd">
<coverage line-rate="0.588075880758808" branch-rate="0.538461538461538" lines-covered="217" lines-valid="369" branches-covered="14" branches-valid="26" complexity="90" version="0" timestamp="1718753799">
  <sources>
    <source>C:\Users\rpsoares3\</source>
  </sources>
  <packages>
    <package name="Questao5" line-rate="0.450909090909091" branch-rate="0.538461538461538" complexity="79">
      <classes>
        <class name="AutoGeneratedProgram" filename="C:\Users\rpsoares3\.nuget\packages\microsoft.net.test.sdk\17.4.0-preview-20220726-02\buildTransitive\netcoreapp2.1\Microsoft.NET.Test.Sdk.Program.cs" line-rate="0" branch-rate="1" complexity="1">
          <methods>
            <method name="Main" signature="(...)" line-rate="0" branch-rate="1" complexity="1">
              <lines>
                <line number="4" hits="0" branch="false" />
              </lines>
            </method>
          </methods>
          <lines>
            <line number="4" hits="0" branch="false" />
          </lines>
        </class>
        <class name="Program" filename="C:\Users\rpsoares3\Documents\Nova pasta\Questao5\Program.cs" line-rate="0" branch-rate="0" complexity="2">
          <methods>
            <method name="&lt;Main&gt;$" signature="(...)" line-rate="0" branch-rate="0" complexity="2">
              <lines>
                <line number="8" hits="0" branch="false" />
                <line number="11" hits="0" branch="false" />
                <line number="13" hits="0" branch="false" />
                <line number="16" hits="0" branch="false" />
                <line number="17" hits="0" branch="false" />
                <line number="18" hits="0" branch="false" />
                <line number="19" hits="0" branch="false" />
                <line number="22" hits="0" branch="false" />
                <line number="23" hits="0" branch="false" />
                <line number="24" hits="0" branch="false" />
                <line number="25" hits="0" branch="false" />
                <line number="26" hits="0" branch="false" />
                <line number="28" hits="0" branch="false" />
                <line number="31" hits="0" branch="true" condition-coverage="0% (0/2)" />
                <line number="32" hits="0" branch="false" />
                <line number="33" hits="0" branch="false" />
                <line number="34" hits="0" branch="false" />
                <line number="35" hits="0" branch="false" />
                <line number="37" hits="0" branch="false" />
                <line number="39" hits="0" branch="false" />
                <line number="41" hits="0" branch="false" />
                <line number="45" hits="0" branch="false" />
                <line number="48" hits="0" branch="false" />
              </lines>
            </method>
          </methods>
          <lines>
            <line number="8" hits="0" branch="false" />
            <line number="11" hits="0" branch="false" />
            <line number="13" hits="0" branch="false" />
            <line number="16" hits="0" branch="false" />
            <line number="17" hits="0" branch="false" />
            <line number="18" hits="0" branch="false" />
            <line number="19" hits="0" branch="false" />
            <line number="22" hits="0" branch="false" />
            <line number="23" hits="0" branch="false" />
            <line number="24" hits="0" branch="false" />
            <line number="25" hits="0" branch="false" />
            <line number="26" hits="0" branch="false" />
            <line number="28" hits="0" branch="false" />
            <line number="31" hits="0" branch="true" condition-coverage="0% (0/2)" />
            <line number="32" hits="0" branch="false" />
            <line number="33" hits="0" branch="false" />
            <line number="34" hits="0" branch="false" />
            <line number="35" hits="0" branch="false" />
            <line number="37" hits="0" branch="false" />
            <line number="39" hits="0" branch="false" />
            <line number="41" hits="0" branch="false" />
            <line number="45" hits="0" branch="false" />
            <line number="48" hits="0" branch="false" />
          </lines>
        </class>
        <class name="Questao5.Application.Commands.Requests.MovimentacaoCommandRequest" filename="C:\Users\rpsoares3\Documents\Nova pasta\Questao5\Application\Commands\Requests\MovimentacaoCommandRequest.cs" line-rate="1" branch-rate="1" complexity="1">
          <methods>
            <method name="get_Id" signature="()" line-rate="1" branch-rate="1" complexity="1">
              <lines>
                <line number="8" hits="48" branch="false" />
              </lines>
            </method>
          </methods>
          <lines>
            <line number="8" hits="48" branch="false" />
          </lines>
        </class>
        <class name="Questao5.Application.Commands.Responses.MovimentacaoCommandResponse" filename="C:\Users\rpsoares3\Documents\Nova pasta\Questao5\Application\Commands\Responses\MovimentacaoCommandResponse.cs" line-rate="1" branch-rate="1" complexity="1">
          <methods>
            <method name="get_IdMovimento" signature="()" line-rate="1" branch-rate="1" complexity="1">
              <lines>
                <line number="7" hits="1" branch="false" />
              </lines>
            </method>
          </methods>
          <lines>
            <line number="7" hits="1" branch="false" />
          </lines>
        </class>
        <class name="Questao5.Application.Handlers.GetSaldoQueryHandler" filename="C:\Users\rpsoares3\Documents\Nova pasta\Questao5\Application\Handlers\GetSaldoQueryHandler.cs" line-rate="1" branch-rate="1" complexity="6">
          <methods>
            <method name="BalanceCalculation" signature="(...)" line-rate="1" branch-rate="1" complexity="1">
              <lines>
                <line number="63" hits="1" branch="false" />
                <line number="64" hits="1" branch="false" />
                <line number="65" hits="3" branch="false" />
                <line number="66" hits="2" branch="false" />
                <line number="68" hits="1" branch="false" />
                <line number="69" hits="3" branch="false" />
                <line number="70" hits="3" branch="false" />
                <line number="72" hits="1" branch="false" />
                <line number="73" hits="1" branch="false" />
              </lines>
            </method>
            <method name=".ctor" signature="(...)" line-rate="1" branch-rate="1" complexity="1">
              <lines>
                <line number="19" hits="3" branch="false" />
                <line number="20" hits="3" branch="false" />
                <line number="21" hits="3" branch="false" />
                <line number="22" hits="3" branch="false" />
              </lines>
            </method>
            <method name="Handle" signature="()" line-rate="1" branch-rate="1" complexity="4">
              <lines>
                <line number="25" hits="3" branch="false" />
                <line number="26" hits="3" branch="false" />
                <line number="27" hits="3" branch="false" />
                <line number="29" hits="3" branch="false" />
                <line number="30" hits="3" branch="true" condition-coverage="100% (2/2)" />
                <line number="31" hits="1" branch="false" />
                <line number="32" hits="1" branch="false" />
                <line number="33" hits="1" branch="false" />
                <line number="35" hits="1" branch="false" />
                <line number="38" hits="2" branch="true" condition-coverage="100% (2/2)" />
                <line number="39" hits="1" branch="false" />
                <line number="40" hits="1" branch="false" />
                <line number="41" hits="1" branch="false" />
                <line number="43" hits="1" branch="false" />
                <line number="46" hits="1" branch="false" />
                <line number="48" hits="1" branch="false" />
                <line number="49" hits="1" branch="false" />
                <line number="50" hits="1" branch="false" />
                <line number="51" hits="1" branch="false" />
                <line number="52" hits="1" branch="false" />
                <line number="53" hits="1" branch="false" />
                <line number="54" hits="1" branch="false" />
                <line number="56" hits="1" branch="false" />
                <line number="57" hits="1" branch="false" />
                <line number="59" hits="1" branch="false" />
                <line number="60" hits="3" branch="false" />
              </lines>
            </method>
          </methods>
          <lines>
            <line number="19" hits="3" branch="false" />
            <line number="20" hits="3" branch="false" />
            <line number="21" hits="3" branch="false" />
            <line number="22" hits="3" branch="false" />
            <line number="25" hits="3" branch="false" />
            <line number="26" hits="3" branch="false" />
            <line number="27" hits="3" branch="false" />
            <line number="29" hits="3" branch="false" />
            <line number="30" hits="3" branch="true" condition-coverage="100% (2/2)" />
            <line number="31" hits="1" branch="false" />
            <line number="32" hits="1" branch="false" />
            <line number="33" hits="1" branch="false" />
            <line number="35" hits="1" branch="false" />
            <line number="38" hits="2" branch="true" condition-coverage="100% (2/2)" />
            <line number="39" hits="1" branch="false" />
            <line number="40" hits="1" branch="false" />
            <line number="41" hits="1" branch="false" />
            <line number="43" hits="1" branch="false" />
            <line number="46" hits="1" branch="false" />
            <line number="48" hits="1" branch="false" />
            <line number="49" hits="1" branch="false" />
            <line number="50" hits="1" branch="false" />
            <line number="51" hits="1" branch="false" />
            <line number="52" hits="1" branch="false" />
            <line number="53" hits="1" branch="false" />
            <line number="54" hits="1" branch="false" />
            <line number="56" hits="1" branch="false" />
            <line number="57" hits="1" branch="false" />
            <line number="59" hits="1" branch="false" />
            <line number="60" hits="3" branch="false" />
            <line number="63" hits="1" branch="false" />
            <line number="64" hits="1" branch="false" />
            <line number="65" hits="3" branch="false" />
            <line number="66" hits="2" branch="false" />
            <line number="68" hits="1" branch="false" />
            <line number="69" hits="3" branch="false" />
            <line number="70" hits="3" branch="false" />
            <line number="72" hits="1" branch="false" />
            <line number="73" hits="1" branch="false" />
          </lines>
        </class>
        <class name="Questao5.Application.Handlers.MovimentacaoCommandHandler" filename="C:\Users\rpsoares3\Documents\Nova pasta\Questao5\Application\Handlers\MovimentacaoCommandHandler.cs" line-rate="0.915254237288136" branch-rate="0.833333333333333" complexity="14">
          <methods>
            <method name="IsValidETipoMovimento" signature="(...)" line-rate="1" branch-rate="1" complexity="1">
              <lines>
                <line number="101" hits="2" branch="false" />
                <line number="102" hits="2" branch="false" />
                <line number="103" hits="2" branch="false" />
              </lines>
            </method>
            <method name=".ctor" signature="(...)" line-rate="1" branch-rate="1" complexity="1">
              <lines>
                <line number="21" hits="5" branch="false" />
                <line number="22" hits="5" branch="false" />
                <line number="23" hits="5" branch="false" />
                <line number="24" hits="5" branch="false" />
                <line number="25" hits="5" branch="false" />
              </lines>
            </method>
            <method name="Handle" signature="()" line-rate="0.901960784313726" branch-rate="0.833333333333333" complexity="12">
              <lines>
                <line number="28" hits="5" branch="false" />
                <line number="29" hits="5" branch="false" />
                <line number="30" hits="5" branch="false" />
                <line number="32" hits="5" branch="false" />
                <line number="33" hits="5" branch="true" condition-coverage="50% (1/2)" />
                <line number="34" hits="5" branch="false" />
                <line number="35" hits="5" branch="false" />
                <line number="36" hits="5" branch="false" />
                <line number="37" hits="5" branch="false" />
                <line number="38" hits="5" branch="false" />
                <line number="40" hits="5" branch="false" />
                <line number="41" hits="5" branch="false" />
                <line number="42" hits="0" branch="true" condition-coverage="50% (1/2)" />
                <line number="43" hits="0" branch="false" />
                <line number="44" hits="0" branch="false" />
                <line number="45" hits="0" branch="false" />
                <line number="47" hits="0" branch="false" />
                <line number="50" hits="5" branch="false" />
                <line number="51" hits="5" branch="true" condition-coverage="100% (2/2)" />
                <line number="52" hits="1" branch="false" />
                <line number="53" hits="1" branch="false" />
                <line number="54" hits="1" branch="false" />
                <line number="56" hits="1" branch="false" />
                <line number="59" hits="4" branch="true" condition-coverage="100% (2/2)" />
                <line number="60" hits="1" branch="false" />
                <line number="61" hits="1" branch="false" />
                <line number="62" hits="1" branch="false" />
                <line number="64" hits="1" branch="false" />
                <line number="67" hits="3" branch="true" condition-coverage="100% (2/2)" />
                <line number="68" hits="1" branch="false" />
                <line number="69" hits="1" branch="false" />
                <line number="70" hits="1" branch="false" />
                <line number="72" hits="1" branch="false" />
                <line number="75" hits="2" branch="true" condition-coverage="100% (2/2)" />
                <line number="76" hits="1" branch="false" />
                <line number="77" hits="1" branch="false" />
                <line number="78" hits="1" branch="false" />
                <line number="80" hits="1" branch="false" />
                <line number="83" hits="1" branch="false" />
                <line number="84" hits="1" branch="false" />
                <line number="85" hits="1" branch="false" />
                <line number="86" hits="1" branch="false" />
                <line number="87" hits="1" branch="false" />
                <line number="88" hits="1" branch="false" />
                <line number="89" hits="1" branch="false" />
                <line number="91" hits="1" branch="false" />
                <line number="93" hits="1" branch="false" />
                <line number="95" hits="1" branch="false" />
                <line number="96" hits="1" branch="false" />
                <line number="97" hits="1" branch="false" />
                <line number="98" hits="5" branch="false" />
              </lines>
            </method>
          </methods>
          <lines>
            <line number="21" hits="5" branch="false" />
            <line number="22" hits="5" branch="false" />
            <line number="23" hits="5" branch="false" />
            <line number="24" hits="5" branch="false" />
            <line number="25" hits="5" branch="false" />
            <line number="28" hits="5" branch="false" />
            <line number="29" hits="5" branch="false" />
            <line number="30" hits="5" branch="false" />
            <line number="32" hits="5" branch="false" />
            <line number="33" hits="5" branch="true" condition-coverage="50% (1/2)" />
            <line number="34" hits="5" branch="false" />
            <line number="35" hits="5" branch="false" />
            <line number="36" hits="5" branch="false" />
            <line number="37" hits="5" branch="false" />
            <line number="38" hits="5" branch="false" />
            <line number="40" hits="5" branch="false" />
            <line number="41" hits="5" branch="false" />
            <line number="42" hits="0" branch="true" condition-coverage="50% (1/2)" />
            <line number="43" hits="0" branch="false" />
            <line number="44" hits="0" branch="false" />
            <line number="45" hits="0" branch="false" />
            <line number="47" hits="0" branch="false" />
            <line number="50" hits="5" branch="false" />
            <line number="51" hits="5" branch="true" condition-coverage="100% (2/2)" />
            <line number="52" hits="1" branch="false" />
            <line number="53" hits="1" branch="false" />
            <line number="54" hits="1" branch="false" />
            <line number="56" hits="1" branch="false" />
            <line number="59" hits="4" branch="true" condition-coverage="100% (2/2)" />
            <line number="60" hits="1" branch="false" />
            <line number="61" hits="1" branch="false" />
            <line number="62" hits="1" branch="false" />
            <line number="64" hits="1" branch="false" />
            <line number="67" hits="3" branch="true" condition-coverage="100% (2/2)" />
            <line number="68" hits="1" branch="false" />
            <line number="69" hits="1" branch="false" />
            <line number="70" hits="1" branch="false" />
            <line number="72" hits="1" branch="false" />
            <line number="75" hits="2" branch="true" condition-coverage="100% (2/2)" />
            <line number="76" hits="1" branch="false" />
            <line number="77" hits="1" branch="false" />
            <line number="78" hits="1" branch="false" />
            <line number="80" hits="1" branch="false" />
            <line number="83" hits="1" branch="false" />
            <line number="84" hits="1" branch="false" />
            <line number="85" hits="1" branch="false" />
            <line number="86" hits="1" branch="false" />
            <line number="87" hits="1" branch="false" />
            <line number="88" hits="1" branch="false" />
            <line number="89" hits="1" branch="false" />
            <line number="91" hits="1" branch="false" />
            <line number="93" hits="1" branch="false" />
            <line number="95" hits="1" branch="false" />
            <line number="96" hits="1" branch="false" />
            <line number="97" hits="1" branch="false" />
            <line number="98" hits="5" branch="false" />
            <line number="101" hits="2" branch="false" />
            <line number="102" hits="2" branch="false" />
            <line number="103" hits="2" branch="false" />
          </lines>
        </class>
        <class name="Questao5.Application.Queries.Requests.GetSaldoQueryRequest" filename="C:\Users\rpsoares3\Documents\Nova pasta\Questao5\Application\Queries\Requests\GetSaldoQueryRequest.cs" line-rate="1" branch-rate="1" complexity="1">
          <methods>
            <method name="get_conta" signature="()" line-rate="1" branch-rate="1" complexity="1">
              <lines>
                <line number="7" hits="7" branch="false" />
              </lines>
            </method>
          </methods>
          <lines>
            <line number="7" hits="7" branch="false" />
          </lines>
        </class>
        <class name="Questao5.Application.Queries.Responses.GetSaldoQueryResponse" filename="C:\Users\rpsoares3\Documents\Nova pasta\Questao5\Application\Queries\Responses\GetSaldoQueryResponse.cs" line-rate="1" branch-rate="1" complexity="4">
          <methods>
            <method name="get_ContaCorrente" signature="()" line-rate="1" branch-rate="1" complexity="1">
              <lines>
                <line number="5" hits="1" branch="false" />
              </lines>
            </method>
            <method name="get_NomeTitular" signature="()" line-rate="1" branch-rate="1" complexity="1">
              <lines>
                <line number="6" hits="6" branch="false" />
              </lines>
            </method>
            <method name="get_DataConsulta" signature="()" line-rate="1" branch-rate="1" complexity="1">
              <lines>
                <line number="7" hits="1" branch="false" />
              </lines>
            </method>
            <method name="get_SaldoTotal" signature="()" line-rate="1" branch-rate="1" complexity="1">
              <lines>
                <line number="8" hits="5" branch="false" />
              </lines>
            </method>
          </methods>
          <lines>
            <line number="5" hits="1" branch="false" />
            <line number="6" hits="6" branch="false" />
            <line number="7" hits="1" branch="false" />
            <line number="8" hits="5" branch="false" />
          </lines>
        </class>
        <class name="Questao5.Domain.BaseEntity.BaseResponse`1" filename="C:\Users\rpsoares3\Documents\Nova pasta\Questao5\Domain\BaseEntity\BaseResponse.cs" line-rate="0.857142857142857" branch-rate="1" complexity="7">
          <methods>
            <method name="get_Data" signature="()" line-rate="1" branch-rate="1" complexity="1">
              <lines>
                <line number="5" hits="13" branch="false" />
              </lines>
            </method>
            <method name="get_ErrorMessage" signature="()" line-rate="1" branch-rate="1" complexity="1">
              <lines>
                <line number="6" hits="12" branch="false" />
              </lines>
            </method>
            <method name="get_Success" signature="()" line-rate="0" branch-rate="1" complexity="1">
              <lines>
                <line number="7" hits="0" branch="false" />
              </lines>
            </method>
            <method name="get_StatusCode" signature="()" line-rate="1" branch-rate="1" complexity="1">
              <lines>
                <line number="8" hits="16" branch="false" />
              </lines>
            </method>
            <method name="AddData" signature="(...)" line-rate="1" branch-rate="1" complexity="1">
              <lines>
                <line number="11" hits="10" branch="false" />
              </lines>
            </method>
            <method name="AddError" signature="(...)" line-rate="1" branch-rate="1" complexity="1">
              <lines>
                <line number="14" hits="6" branch="false" />
              </lines>
            </method>
            <method name="SetStatusCode" signature="(...)" line-rate="1" branch-rate="1" complexity="1">
              <lines>
                <line number="17" hits="8" branch="false" />
              </lines>
            </method>
          </methods>
          <lines>
            <line number="5" hits="13" branch="false" />
            <line number="6" hits="12" branch="false" />
            <line number="7" hits="0" branch="false" />
            <line number="8" hits="16" branch="false" />
            <line number="11" hits="10" branch="false" />
            <line number="14" hits="6" branch="false" />
            <line number="17" hits="8" branch="false" />
          </lines>
        </class>
        <class name="Questao5.Domain.Entities.ContaCorrente" filename="C:\Users\rpsoares3\Documents\Nova pasta\Questao5\Domain\Entities\ContaCorrente.cs" line-rate="0.75" branch-rate="1" complexity="4">
          <methods>
            <method name="get_Id" signature="()" line-rate="0" branch-rate="1" complexity="1">
              <lines>
                <line number="5" hits="0" branch="false" />
              </lines>
            </method>
            <method name="get_Numero" signature="()" line-rate="1" branch-rate="1" complexity="1">
              <lines>
                <line number="6" hits="7" branch="false" />
              </lines>
            </method>
            <method name="get_Nome" signature="()" line-rate="1" branch-rate="1" complexity="1">
              <lines>
                <line number="7" hits="8" branch="false" />
              </lines>
            </method>
            <method name="get_Ativo" signature="()" line-rate="1" branch-rate="1" complexity="1">
              <lines>
                <line number="8" hits="18" branch="false" />
              </lines>
            </method>
          </methods>
          <lines>
            <line number="5" hits="0" branch="false" />
            <line number="6" hits="7" branch="false" />
            <line number="7" hits="8" branch="false" />
            <line number="8" hits="18" branch="false" />
          </lines>
        </class>
        <class name="Questao5.Domain.Entities.Idempotencia" filename="C:\Users\rpsoares3\Documents\Nova pasta\Questao5\Domain\Entities\Idempotencia.cs" line-rate="1" branch-rate="1" complexity="3">
          <methods>
            <method name="get_Id" signature="()" line-rate="1" branch-rate="1" complexity="1">
              <lines>
                <line number="5" hits="5" branch="false" />
              </lines>
            </method>
            <method name="get_Requisicao" signature="()" line-rate="1" branch-rate="1" complexity="1">
              <lines>
                <line number="6" hits="10" branch="false" />
              </lines>
            </method>
            <method name="get_Resultado" signature="()" line-rate="1" branch-rate="1" complexity="1">
              <lines>
                <line number="7" hits="10" branch="false" />
              </lines>
            </method>
          </methods>
          <lines>
            <line number="5" hits="5" branch="false" />
            <line number="6" hits="10" branch="false" />
            <line number="7" hits="10" branch="false" />
          </lines>
        </class>
        <class name="Questao5.Domain.Entities.Movimento" filename="C:\Users\rpsoares3\Documents\Nova pasta\Questao5\Domain\Entities\Movimento.cs" line-rate="0.8" branch-rate="1" complexity="5">
          <methods>
            <method name="get_Id" signature="()" line-rate="0" branch-rate="1" complexity="1">
              <lines>
                <line number="7" hits="0" branch="false" />
              </lines>
            </method>
            <method name="get_IdContaCorrente" signature="()" line-rate="1" branch-rate="1" complexity="1">
              <lines>
                <line number="8" hits="1" branch="false" />
              </lines>
            </method>
            <method name="get_DataMovimento" signature="()" line-rate="1" branch-rate="1" complexity="1">
              <lines>
                <line number="9" hits="1" branch="false" />
              </lines>
            </method>
            <method name="get_TipoMovimento" signature="()" line-rate="1" branch-rate="1" complexity="1">
              <lines>
                <line number="10" hits="1" branch="false" />
              </lines>
            </method>
            <method name="get_Valor" signature="()" line-rate="1" branch-rate="1" complexity="1">
              <lines>
                <line number="11" hits="1" branch="false" />
              </lines>
            </method>
          </methods>
          <lines>
            <line number="7" hits="0" branch="false" />
            <line number="8" hits="1" branch="false" />
            <line number="9" hits="1" branch="false" />
            <line number="10" hits="1" branch="false" />
            <line number="11" hits="1" branch="false" />
          </lines>
        </class>
        <class name="Questao5.Infrastructure.Database.CommandStore.CommandStore" filename="C:\Users\rpsoares3\Documents\Nova pasta\Questao5\Infrastructure\Database\CommandStore\CommandStore.cs" line-rate="0" branch-rate="1" complexity="4">
          <methods>
            <method name=".ctor" signature="(...)" line-rate="0" branch-rate="1" complexity="1">
              <lines>
                <line number="14" hits="0" branch="false" />
                <line number="15" hits="0" branch="false" />
                <line number="16" hits="0" branch="false" />
                <line number="17" hits="0" branch="false" />
              </lines>
            </method>
            <method name="AddIdempotenciaAsync" signature="()" line-rate="0" branch-rate="1" complexity="1">
              <lines>
                <line number="20" hits="0" branch="false" />
                <line number="21" hits="0" branch="false" />
                <line number="22" hits="0" branch="false" />
                <line number="23" hits="0" branch="false" />
                <line number="24" hits="0" branch="false" />
                <line number="25" hits="0" branch="false" />
                <line number="26" hits="0" branch="false" />
                <line number="27" hits="0" branch="false" />
              </lines>
            </method>
            <method name="AddMovimentoAsync" signature="()" line-rate="0" branch-rate="1" complexity="1">
              <lines>
                <line number="40" hits="0" branch="false" />
                <line number="41" hits="0" branch="false" />
                <line number="42" hits="0" branch="false" />
                <line number="43" hits="0" branch="false" />
                <line number="44" hits="0" branch="false" />
                <line number="45" hits="0" branch="false" />
                <line number="46" hits="0" branch="false" />
                <line number="47" hits="0" branch="false" />
                <line number="48" hits="0" branch="false" />
                <line number="49" hits="0" branch="false" />
                <line number="50" hits="0" branch="false" />
                <line number="51" hits="0" branch="false" />
                <line number="52" hits="0" branch="false" />
                <line number="53" hits="0" branch="false" />
                <line number="54" hits="0" branch="false" />
                <line number="56" hits="0" branch="false" />
                <line number="58" hits="0" branch="false" />
              </lines>
            </method>
            <method name="UpdateIdempotenciaAsync" signature="()" line-rate="0" branch-rate="1" complexity="1">
              <lines>
                <line number="30" hits="0" branch="false" />
                <line number="31" hits="0" branch="false" />
                <line number="32" hits="0" branch="false" />
                <line number="33" hits="0" branch="false" />
                <line number="34" hits="0" branch="false" />
                <line number="35" hits="0" branch="false" />
                <line number="36" hits="0" branch="false" />
                <line number="37" hits="0" branch="false" />
              </lines>
            </method>
          </methods>
          <lines>
            <line number="14" hits="0" branch="false" />
            <line number="15" hits="0" branch="false" />
            <line number="16" hits="0" branch="false" />
            <line number="17" hits="0" branch="false" />
            <line number="20" hits="0" branch="false" />
            <line number="21" hits="0" branch="false" />
            <line number="22" hits="0" branch="false" />
            <line number="23" hits="0" branch="false" />
            <line number="24" hits="0" branch="false" />
            <line number="25" hits="0" branch="false" />
            <line number="26" hits="0" branch="false" />
            <line number="27" hits="0" branch="false" />
            <line number="30" hits="0" branch="false" />
            <line number="31" hits="0" branch="false" />
            <line number="32" hits="0" branch="false" />
            <line number="33" hits="0" branch="false" />
            <line number="34" hits="0" branch="false" />
            <line number="35" hits="0" branch="false" />
            <line number="36" hits="0" branch="false" />
            <line number="37" hits="0" branch="false" />
            <line number="40" hits="0" branch="false" />
            <line number="41" hits="0" branch="false" />
            <line number="42" hits="0" branch="false" />
            <line number="43" hits="0" branch="false" />
            <line number="44" hits="0" branch="false" />
            <line number="45" hits="0" branch="false" />
            <line number="46" hits="0" branch="false" />
            <line number="47" hits="0" branch="false" />
            <line number="48" hits="0" branch="false" />
            <line number="49" hits="0" branch="false" />
            <line number="50" hits="0" branch="false" />
            <line number="51" hits="0" branch="false" />
            <line number="52" hits="0" branch="false" />
            <line number="53" hits="0" branch="false" />
            <line number="54" hits="0" branch="false" />
            <line number="56" hits="0" branch="false" />
            <line number="58" hits="0" branch="false" />
          </lines>
        </class>
        <class name="Questao5.Infrastructure.Database.CommandStore.Requests.AddIdempotenciaRequest" filename="C:\Users\rpsoares3\Documents\Nova pasta\Questao5\Infrastructure\Database\CommandStore\Requests\AddIdempotenciaRequest.cs" line-rate="1" branch-rate="1" complexity="1">
          <methods>
            <method name="get_Idempotencia" signature="()" line-rate="1" branch-rate="1" complexity="1">
              <lines>
                <line number="7" hits="20" branch="false" />
              </lines>
            </method>
          </methods>
          <lines>
            <line number="7" hits="20" branch="false" />
          </lines>
        </class>
        <class name="Questao5.Infrastructure.Database.CommandStore.Responses.AddMovimentoResponse" filename="C:\Users\rpsoares3\Documents\Nova pasta\Questao5\Infrastructure\Database\CommandStore\Responses\AddMovimentoResponse.cs" line-rate="1" branch-rate="1" complexity="1">
          <methods>
            <method name="get_IdMovimento" signature="()" line-rate="1" branch-rate="1" complexity="1">
              <lines>
                <line number="5" hits="2" branch="false" />
              </lines>
            </method>
          </methods>
          <lines>
            <line number="5" hits="2" branch="false" />
          </lines>
        </class>
        <class name="Questao5.Infrastructure.Database.QueryStore.QueryStore" filename="C:\Users\rpsoares3\Documents\Nova pasta\Questao5\Infrastructure\Database\QueryStore\QueryStore.cs" line-rate="0" branch-rate="1" complexity="4">
          <methods>
            <method name=".ctor" signature="(...)" line-rate="0" branch-rate="1" complexity="1">
              <lines>
                <line number="14" hits="0" branch="false" />
                <line number="15" hits="0" branch="false" />
                <line number="16" hits="0" branch="false" />
                <line number="17" hits="0" branch="false" />
              </lines>
            </method>
            <method name="GetContaCorrenteByNumeroAsync" signature="()" line-rate="0" branch-rate="1" complexity="1">
              <lines>
                <line number="33" hits="0" branch="false" />
                <line number="34" hits="0" branch="false" />
                <line number="35" hits="0" branch="false" />
                <line number="36" hits="0" branch="false" />
                <line number="37" hits="0" branch="false" />
                <line number="38" hits="0" branch="false" />
                <line number="39" hits="0" branch="false" />
                <line number="41" hits="0" branch="false" />
                <line number="43" hits="0" branch="false" />
              </lines>
            </method>
            <method name="GetIdempotenciaByIdAsync" signature="()" line-rate="0" branch-rate="1" complexity="1">
              <lines>
                <line number="20" hits="0" branch="false" />
                <line number="21" hits="0" branch="false" />
                <line number="22" hits="0" branch="false" />
                <line number="23" hits="0" branch="false" />
                <line number="24" hits="0" branch="false" />
                <line number="25" hits="0" branch="false" />
                <line number="26" hits="0" branch="false" />
                <line number="28" hits="0" branch="false" />
                <line number="30" hits="0" branch="false" />
              </lines>
            </method>
            <method name="GetMovimentosByIdContaCorrente" signature="()" line-rate="0" branch-rate="1" complexity="1">
              <lines>
                <line number="46" hits="0" branch="false" />
                <line number="47" hits="0" branch="false" />
                <line number="48" hits="0" branch="false" />
                <line number="49" hits="0" branch="false" />
                <line number="50" hits="0" branch="false" />
                <line number="51" hits="0" branch="false" />
                <line number="52" hits="0" branch="false" />
                <line number="54" hits="0" branch="false" />
                <line number="56" hits="0" branch="false" />
              </lines>
            </method>
          </methods>
          <lines>
            <line number="14" hits="0" branch="false" />
            <line number="15" hits="0" branch="false" />
            <line number="16" hits="0" branch="false" />
            <line number="17" hits="0" branch="false" />
            <line number="20" hits="0" branch="false" />
            <line number="21" hits="0" branch="false" />
            <line number="22" hits="0" branch="false" />
            <line number="23" hits="0" branch="false" />
            <line number="24" hits="0" branch="false" />
            <line number="25" hits="0" branch="false" />
            <line number="26" hits="0" branch="false" />
            <line number="28" hits="0" branch="false" />
            <line number="30" hits="0" branch="false" />
            <line number="33" hits="0" branch="false" />
            <line number="34" hits="0" branch="false" />
            <line number="35" hits="0" branch="false" />
            <line number="36" hits="0" branch="false" />
            <line number="37" hits="0" branch="false" />
            <line number="38" hits="0" branch="false" />
            <line number="39" hits="0" branch="false" />
            <line number="41" hits="0" branch="false" />
            <line number="43" hits="0" branch="false" />
            <line number="46" hits="0" branch="false" />
            <line number="47" hits="0" branch="false" />
            <line number="48" hits="0" branch="false" />
            <line number="49" hits="0" branch="false" />
            <line number="50" hits="0" branch="false" />
            <line number="51" hits="0" branch="false" />
            <line number="52" hits="0" branch="false" />
            <line number="54" hits="0" branch="false" />
            <line number="56" hits="0" branch="false" />
          </lines>
        </class>
        <class name="Questao5.Infrastructure.Database.QueryStore.Requests.GetContaCorrenteByNumeroRequest" filename="C:\Users\rpsoares3\Documents\Nova pasta\Questao5\Infrastructure\Database\QueryStore\Requests\GetContaCorrenteByNumeroRequest.cs" line-rate="1" branch-rate="1" complexity="1">
          <methods>
            <method name="get_NumeroConta" signature="()" line-rate="1" branch-rate="1" complexity="1">
              <lines>
                <line number="5" hits="8" branch="false" />
              </lines>
            </method>
          </methods>
          <lines>
            <line number="5" hits="8" branch="false" />
          </lines>
        </class>
        <class name="Questao5.Infrastructure.Database.QueryStore.Requests.GetIdempotenciaByIdRequest" filename="C:\Users\rpsoares3\Documents\Nova pasta\Questao5\Infrastructure\Database\QueryStore\Requests\GetIdempotenciaByIdRequest.cs" line-rate="1" branch-rate="1" complexity="1">
          <methods>
            <method name="get_Id" signature="()" line-rate="1" branch-rate="1" complexity="1">
              <lines>
                <line number="5" hits="5" branch="false" />
              </lines>
            </method>
          </methods>
          <lines>
            <line number="5" hits="5" branch="false" />
          </lines>
        </class>
        <class name="Questao5.Infrastructure.Database.QueryStore.Requests.GetMovimentosByIdContaCorrenteRequest" filename="C:\Users\rpsoares3\Documents\Nova pasta\Questao5\Infrastructure\Database\QueryStore\Requests\GetMovimentosByIdContaCorrenteRequest.cs" line-rate="1" branch-rate="1" complexity="1">
          <methods>
            <method name="get_IdContaCorrente" signature="()" line-rate="1" branch-rate="1" complexity="1">
              <lines>
                <line number="5" hits="1" branch="false" />
              </lines>
            </method>
          </methods>
          <lines>
            <line number="5" hits="1" branch="false" />
          </lines>
        </class>
        <class name="Questao5.Infrastructure.Database.QueryStore.Responses.GetContaCorrenteByNumeroResponse" filename="C:\Users\rpsoares3\Documents\Nova pasta\Questao5\Infrastructure\Database\QueryStore\Responses\GetContaCorrenteByNumeroResponse.cs" line-rate="1" branch-rate="1" complexity="1">
          <methods>
            <method name="get_Id" signature="()" line-rate="1" branch-rate="1" complexity="1">
              <lines>
                <line number="7" hits="9" branch="false" />
              </lines>
            </method>
          </methods>
          <lines>
            <line number="7" hits="9" branch="false" />
          </lines>
        </class>
        <class name="Questao5.Infrastructure.Database.QueryStore.Responses.GetIdempotenciaByIdResponse" filename="C:\Users\rpsoares3\Documents\Nova pasta\Questao5\Infrastructure\Database\QueryStore\Responses\GetIdempotenciaByIdResponse.cs" line-rate="0" branch-rate="1" complexity="1">
          <methods>
            <method name="get_Id" signature="()" line-rate="0" branch-rate="1" complexity="1">
              <lines>
                <line number="7" hits="0" branch="false" />
              </lines>
            </method>
          </methods>
          <lines>
            <line number="7" hits="0" branch="false" />
          </lines>
        </class>
        <class name="Questao5.Infrastructure.Database.QueryStore.Responses.GetMovimentosByIdContaCorrenteResponse" filename="C:\Users\rpsoares3\Documents\Nova pasta\Questao5\Infrastructure\Database\QueryStore\Responses\GetMovimentosByIdContaCorrenteResponse.cs" line-rate="1" branch-rate="1" complexity="2">
          <methods>
            <method name="get_TipoMovimento" signature="()" line-rate="1" branch-rate="1" complexity="1">
              <lines>
                <line number="5" hits="9" branch="false" />
              </lines>
            </method>
            <method name="get_Valor" signature="()" line-rate="1" branch-rate="1" complexity="1">
              <lines>
                <line number="6" hits="6" branch="false" />
              </lines>
            </method>
          </methods>
          <lines>
            <line number="5" hits="9" branch="false" />
            <line number="6" hits="6" branch="false" />
          </lines>
        </class>
        <class name="Questao5.Infrastructure.Services.Controllers.ContaController" filename="C:\Users\rpsoares3\Documents\Nova pasta\Questao5\Infrastructure\Services\Controllers\ContaController.cs" line-rate="0" branch-rate="1" complexity="3">
          <methods>
            <method name=".ctor" signature="(...)" line-rate="0" branch-rate="1" complexity="1">
              <lines>
                <line number="15" hits="0" branch="false" />
                <line number="16" hits="0" branch="false" />
                <line number="17" hits="0" branch="false" />
                <line number="18" hits="0" branch="false" />
              </lines>
            </method>
            <method name="Movimentacao" signature="()" line-rate="0" branch-rate="1" complexity="1">
              <lines>
                <line number="22" hits="0" branch="false" />
                <line number="23" hits="0" branch="false" />
                <line number="24" hits="0" branch="false" />
                <line number="25" hits="0" branch="false" />
              </lines>
            </method>
            <method name="Saldo" signature="()" line-rate="0" branch-rate="1" complexity="1">
              <lines>
                <line number="29" hits="0" branch="false" />
                <line number="30" hits="0" branch="false" />
                <line number="31" hits="0" branch="false" />
                <line number="32" hits="0" branch="false" />
              </lines>
            </method>
          </methods>
          <lines>
            <line number="15" hits="0" branch="false" />
            <line number="16" hits="0" branch="false" />
            <line number="17" hits="0" branch="false" />
            <line number="18" hits="0" branch="false" />
            <line number="22" hits="0" branch="false" />
            <line number="23" hits="0" branch="false" />
            <line number="24" hits="0" branch="false" />
            <line number="25" hits="0" branch="false" />
            <line number="29" hits="0" branch="false" />
            <line number="30" hits="0" branch="false" />
            <line number="31" hits="0" branch="false" />
            <line number="32" hits="0" branch="false" />
          </lines>
        </class>
        <class name="Questao5.Infrastructure.Sqlite.DatabaseBootstrap" filename="C:\Users\rpsoares3\Documents\Nova pasta\Questao5\Infrastructure\Sqlite\DatabaseBootstrap.cs" line-rate="0" branch-rate="0" complexity="9">
          <methods>
            <method name="Setup" signature="()" line-rate="0" branch-rate="0" complexity="8">
              <lines>
                <line number="16" hits="0" branch="false" />
                <line number="17" hits="0" branch="false" />
                <line number="19" hits="0" branch="false" />
                <line number="20" hits="0" branch="false" />
                <line number="21" hits="0" branch="true" condition-coverage="0% (0/8)" />
                <line number="22" hits="0" branch="false" />
                <line number="24" hits="0" branch="false" />
                <line number="25" hits="0" branch="false" />
                <line number="26" hits="0" branch="false" />
                <line number="27" hits="0" branch="false" />
                <line number="28" hits="0" branch="false" />
                <line number="29" hits="0" branch="false" />
                <line number="30" hits="0" branch="false" />
                <line number="32" hits="0" branch="false" />
                <line number="33" hits="0" branch="false" />
                <line number="34" hits="0" branch="false" />
                <line number="35" hits="0" branch="false" />
                <line number="36" hits="0" branch="false" />
                <line number="37" hits="0" branch="false" />
                <line number="38" hits="0" branch="false" />
                <line number="39" hits="0" branch="false" />
                <line number="40" hits="0" branch="false" />
                <line number="42" hits="0" branch="false" />
                <line number="43" hits="0" branch="false" />
                <line number="44" hits="0" branch="false" />
                <line number="45" hits="0" branch="false" />
                <line number="47" hits="0" branch="false" />
                <line number="48" hits="0" branch="false" />
                <line number="49" hits="0" branch="false" />
                <line number="50" hits="0" branch="false" />
                <line number="51" hits="0" branch="false" />
                <line number="52" hits="0" branch="false" />
                <line number="53" hits="0" branch="false" />
              </lines>
            </method>
            <method name=".ctor" signature="(...)" line-rate="0" branch-rate="1" complexity="1">
              <lines>
                <line number="10" hits="0" branch="false" />
                <line number="11" hits="0" branch="false" />
                <line number="12" hits="0" branch="false" />
                <line number="13" hits="0" branch="false" />
              </lines>
            </method>
          </methods>
          <lines>
            <line number="10" hits="0" branch="false" />
            <line number="11" hits="0" branch="false" />
            <line number="12" hits="0" branch="false" />
            <line number="13" hits="0" branch="false" />
            <line number="16" hits="0" branch="false" />
            <line number="17" hits="0" branch="false" />
            <line number="19" hits="0" branch="false" />
            <line number="20" hits="0" branch="false" />
            <line number="21" hits="0" branch="true" condition-coverage="0% (0/8)" />
            <line number="22" hits="0" branch="false" />
            <line number="24" hits="0" branch="false" />
            <line number="25" hits="0" branch="false" />
            <line number="26" hits="0" branch="false" />
            <line number="27" hits="0" branch="false" />
            <line number="28" hits="0" branch="false" />
            <line number="29" hits="0" branch="false" />
            <line number="30" hits="0" branch="false" />
            <line number="32" hits="0" branch="false" />
            <line number="33" hits="0" branch="false" />
            <line number="34" hits="0" branch="false" />
            <line number="35" hits="0" branch="false" />
            <line number="36" hits="0" branch="false" />
            <line number="37" hits="0" branch="false" />
            <line number="38" hits="0" branch="false" />
            <line number="39" hits="0" branch="false" />
            <line number="40" hits="0" branch="false" />
            <line number="42" hits="0" branch="false" />
            <line number="43" hits="0" branch="false" />
            <line number="44" hits="0" branch="false" />
            <line number="45" hits="0" branch="false" />
            <line number="47" hits="0" branch="false" />
            <line number="48" hits="0" branch="false" />
            <line number="49" hits="0" branch="false" />
            <line number="50" hits="0" branch="false" />
            <line number="51" hits="0" branch="false" />
            <line number="52" hits="0" branch="false" />
            <line number="53" hits="0" branch="false" />
          </lines>
        </class>
        <class name="Questao5.Infrastructure.Sqlite.DatabaseConfig" filename="C:\Users\rpsoares3\Documents\Nova pasta\Questao5\Infrastructure\Sqlite\DatabaseConfig.cs" line-rate="0" branch-rate="1" complexity="1">
          <methods>
            <method name="get_Name" signature="()" line-rate="0" branch-rate="1" complexity="1">
              <lines>
                <line number="6" hits="0" branch="false" />
              </lines>
            </method>
          </methods>
          <lines>
            <line number="6" hits="0" branch="false" />
          </lines>
        </class>
      </classes>
    </package>
    <package name="Questao5.Tests" line-rate="0.98936170212766" branch-rate="1" complexity="11">
      <classes>
        <class name="AutoGeneratedProgram" filename="C:\Users\rpsoares3\.nuget\packages\microsoft.net.test.sdk\17.5.0\build\netcoreapp3.1\Microsoft.NET.Test.Sdk.Program.cs" line-rate="0" branch-rate="1" complexity="1">
          <methods>
            <method name="Main" signature="(...)" line-rate="0" branch-rate="1" complexity="1">
              <lines>
                <line number="4" hits="0" branch="false" />
              </lines>
            </method>
          </methods>
          <lines>
            <line number="4" hits="0" branch="false" />
          </lines>
        </class>
        <class name="Questao5.Tests.Application.Handlers.GetSaldoQueryHandlerTests" filename="C:\Users\rpsoares3\Documents\Nova pasta\Questao5.Tests\Application\Handlers\GetSaldoQueryHandlerTests.cs" line-rate="1" branch-rate="1" complexity="4">
          <methods>
            <method name=".ctor" signature="()" line-rate="1" branch-rate="1" complexity="1">
              <lines>
                <line number="23" hits="3" branch="false" />
                <line number="24" hits="3" branch="false" />
                <line number="25" hits="3" branch="false" />
                <line number="26" hits="3" branch="false" />
                <line number="27" hits="3" branch="false" />
              </lines>
            </method>
            <method name="InactiveAccount_ReturnsError" signature="()" line-rate="1" branch-rate="1" complexity="1">
              <lines>
                <line number="47" hits="1" branch="false" />
                <line number="49" hits="1" branch="false" />
                <line number="50" hits="1" branch="false" />
                <line number="51" hits="1" branch="false" />
                <line number="54" hits="1" branch="false" />
                <line number="57" hits="1" branch="false" />
                <line number="58" hits="1" branch="false" />
                <line number="59" hits="1" branch="false" />
              </lines>
            </method>
            <method name="InvalidAccount_ReturnsError" signature="()" line-rate="1" branch-rate="1" complexity="1">
              <lines>
                <line number="31" hits="1" branch="false" />
                <line number="33" hits="1" branch="false" />
                <line number="34" hits="1" branch="false" />
                <line number="35" hits="2" branch="false" />
                <line number="38" hits="1" branch="false" />
                <line number="41" hits="1" branch="false" />
                <line number="42" hits="1" branch="false" />
                <line number="43" hits="1" branch="false" />
              </lines>
            </method>
            <method name="ValidAndActiveAccount_ReturnsSuccess" signature="()" line-rate="1" branch-rate="1" complexity="1">
              <lines>
                <line number="64" hits="1" branch="false" />
                <line number="66" hits="1" branch="false" />
                <line number="67" hits="1" branch="false" />
                <line number="68" hits="1" branch="false" />
                <line number="69" hits="1" branch="false" />
                <line number="71" hits="1" branch="false" />
                <line number="72" hits="1" branch="false" />
                <line number="73" hits="1" branch="false" />
                <line number="74" hits="1" branch="false" />
                <line number="75" hits="1" branch="false" />
                <line number="76" hits="1" branch="false" />
                <line number="78" hits="1" branch="false" />
                <line number="79" hits="1" branch="false" />
                <line number="82" hits="1" branch="false" />
                <line number="85" hits="1" branch="false" />
                <line number="86" hits="1" branch="false" />
                <line number="87" hits="1" branch="false" />
                <line number="88" hits="1" branch="false" />
              </lines>
            </method>
          </methods>
          <lines>
            <line number="23" hits="3" branch="false" />
            <line number="24" hits="3" branch="false" />
            <line number="25" hits="3" branch="false" />
            <line number="26" hits="3" branch="false" />
            <line number="27" hits="3" branch="false" />
            <line number="31" hits="1" branch="false" />
            <line number="33" hits="1" branch="false" />
            <line number="34" hits="1" branch="false" />
            <line number="35" hits="2" branch="false" />
            <line number="38" hits="1" branch="false" />
            <line number="41" hits="1" branch="false" />
            <line number="42" hits="1" branch="false" />
            <line number="43" hits="1" branch="false" />
            <line number="47" hits="1" branch="false" />
            <line number="49" hits="1" branch="false" />
            <line number="50" hits="1" branch="false" />
            <line number="51" hits="1" branch="false" />
            <line number="54" hits="1" branch="false" />
            <line number="57" hits="1" branch="false" />
            <line number="58" hits="1" branch="false" />
            <line number="59" hits="1" branch="false" />
            <line number="64" hits="1" branch="false" />
            <line number="66" hits="1" branch="false" />
            <line number="67" hits="1" branch="false" />
            <line number="68" hits="1" branch="false" />
            <line number="69" hits="1" branch="false" />
            <line number="71" hits="1" branch="false" />
            <line number="72" hits="1" branch="false" />
            <line number="73" hits="1" branch="false" />
            <line number="74" hits="1" branch="false" />
            <line number="75" hits="1" branch="false" />
            <line number="76" hits="1" branch="false" />
            <line number="78" hits="1" branch="false" />
            <line number="79" hits="1" branch="false" />
            <line number="82" hits="1" branch="false" />
            <line number="85" hits="1" branch="false" />
            <line number="86" hits="1" branch="false" />
            <line number="87" hits="1" branch="false" />
            <line number="88" hits="1" branch="false" />
          </lines>
        </class>
        <class name="Questao5.Tests.Application.Handlers.MovimentacaoCommandHandlerTests" filename="C:\Users\rpsoares3\Documents\Nova pasta\Questao5.Tests\Application\Handlers\MovimentacaoCommandHandlerTests.cs" line-rate="1" branch-rate="1" complexity="6">
          <methods>
            <method name=".ctor" signature="()" line-rate="1" branch-rate="1" complexity="1">
              <lines>
                <line number="26" hits="5" branch="false" />
                <line number="27" hits="5" branch="false" />
                <line number="28" hits="5" branch="false" />
                <line number="29" hits="5" branch="false" />
                <line number="30" hits="5" branch="false" />
                <line number="31" hits="5" branch="false" />
              </lines>
            </method>
            <method name="Handle_InativeAccount_ReturnsError" signature="()" line-rate="1" branch-rate="1" complexity="1">
              <lines>
                <line number="94" hits="1" branch="false" />
                <line number="96" hits="1" branch="false" />
                <line number="98" hits="1" branch="false" />
                <line number="99" hits="1" branch="false" />
                <line number="102" hits="1" branch="false" />
                <line number="105" hits="1" branch="false" />
                <line number="106" hits="1" branch="false" />
                <line number="107" hits="1" branch="false" />
              </lines>
            </method>
            <method name="Handle_InvalidAccount_ReturnsError" signature="()" line-rate="1" branch-rate="1" complexity="1">
              <lines>
                <line number="60" hits="1" branch="false" />
                <line number="62" hits="1" branch="false" />
                <line number="64" hits="1" branch="false" />
                <line number="65" hits="2" branch="false" />
                <line number="68" hits="1" branch="false" />
                <line number="71" hits="1" branch="false" />
                <line number="72" hits="1" branch="false" />
                <line number="73" hits="1" branch="false" />
              </lines>
            </method>
            <method name="Handle_InvalidMoviment_ReturnsError" signature="()" line-rate="1" branch-rate="1" complexity="1">
              <lines>
                <line number="111" hits="1" branch="false" />
                <line number="113" hits="1" branch="false" />
                <line number="115" hits="1" branch="false" />
                <line number="116" hits="1" branch="false" />
                <line number="119" hits="1" branch="false" />
                <line number="122" hits="1" branch="false" />
                <line number="123" hits="1" branch="false" />
                <line number="124" hits="1" branch="false" />
              </lines>
            </method>
            <method name="Handle_InvalidValue_ReturnsError" signature="()" line-rate="1" branch-rate="1" complexity="1">
              <lines>
                <line number="77" hits="1" branch="false" />
                <line number="79" hits="1" branch="false" />
                <line number="81" hits="1" branch="false" />
                <line number="82" hits="1" branch="false" />
                <line number="85" hits="1" branch="false" />
                <line number="88" hits="1" branch="false" />
                <line number="89" hits="1" branch="false" />
                <line number="90" hits="1" branch="false" />
              </lines>
            </method>
            <method name="Handle_ValidRequest_ReturnsSuccess" signature="()" line-rate="1" branch-rate="1" complexity="1">
              <lines>
                <line number="35" hits="1" branch="false" />
                <line number="37" hits="1" branch="false" />
                <line number="39" hits="1" branch="false" />
                <line number="40" hits="2" branch="false" />
                <line number="41" hits="1" branch="false" />
                <line number="42" hits="1" branch="false" />
                <line number="43" hits="1" branch="false" />
                <line number="44" hits="1" branch="false" />
                <line number="45" hits="1" branch="false" />
                <line number="46" hits="1" branch="false" />
                <line number="47" hits="1" branch="false" />
                <line number="48" hits="1" branch="false" />
                <line number="51" hits="1" branch="false" />
                <line number="54" hits="1" branch="false" />
                <line number="55" hits="1" branch="false" />
                <line number="56" hits="1" branch="false" />
              </lines>
            </method>
          </methods>
          <lines>
            <line number="26" hits="5" branch="false" />
            <line number="27" hits="5" branch="false" />
            <line number="28" hits="5" branch="false" />
            <line number="29" hits="5" branch="false" />
            <line number="30" hits="5" branch="false" />
            <line number="31" hits="5" branch="false" />
            <line number="35" hits="1" branch="false" />
            <line number="37" hits="1" branch="false" />
            <line number="39" hits="1" branch="false" />
            <line number="40" hits="2" branch="false" />
            <line number="41" hits="1" branch="false" />
            <line number="42" hits="1" branch="false" />
            <line number="43" hits="1" branch="false" />
            <line number="44" hits="1" branch="false" />
            <line number="45" hits="1" branch="false" />
            <line number="46" hits="1" branch="false" />
            <line number="47" hits="1" branch="false" />
            <line number="48" hits="1" branch="false" />
            <line number="51" hits="1" branch="false" />
            <line number="54" hits="1" branch="false" />
            <line number="55" hits="1" branch="false" />
            <line number="56" hits="1" branch="false" />
            <line number="60" hits="1" branch="false" />
            <line number="62" hits="1" branch="false" />
            <line number="64" hits="1" branch="false" />
            <line number="65" hits="2" branch="false" />
            <line number="68" hits="1" branch="false" />
            <line number="71" hits="1" branch="false" />
            <line number="72" hits="1" branch="false" />
            <line number="73" hits="1" branch="false" />
            <line number="77" hits="1" branch="false" />
            <line number="79" hits="1" branch="false" />
            <line number="81" hits="1" branch="false" />
            <line number="82" hits="1" branch="false" />
            <line number="85" hits="1" branch="false" />
            <line number="88" hits="1" branch="false" />
            <line number="89" hits="1" branch="false" />
            <line number="90" hits="1" branch="false" />
            <line number="94" hits="1" branch="false" />
            <line number="96" hits="1" branch="false" />
            <line number="98" hits="1" branch="false" />
            <line number="99" hits="1" branch="false" />
            <line number="102" hits="1" branch="false" />
            <line number="105" hits="1" branch="false" />
            <line number="106" hits="1" branch="false" />
            <line number="107" hits="1" branch="false" />
            <line number="111" hits="1" branch="false" />
            <line number="113" hits="1" branch="false" />
            <line number="115" hits="1" branch="false" />
            <line number="116" hits="1" branch="false" />
            <line number="119" hits="1" branch="false" />
            <line number="122" hits="1" branch="false" />
            <line number="123" hits="1" branch="false" />
            <line number="124" hits="1" branch="false" />
          </lines>
        </class>
      </classes>
    </package>
  </packages>
</coverage>