TpTrace Verbose: 0 : 9368, 1, 2024/06/18, 23:36:34.989, 31622327142346, vstest.console.dll, Version: 17.8.0-release-23578-02 Current process architecture: X64
TpTrace Verbose: 0 : 9368, 1, 2024/06/18, 23:36:34.992, 31622327168131, vstest.console.dll, Runtime location: C:\Program Files\dotnet\shared\Microsoft.NETCore.App\8.0.1
TpTrace Verbose: 0 : 9368, 1, 2024/06/18, 23:36:34.995, 31622327203431, vstest.console.dll, ArtifactProcessingPostProcessModeProcessorExecutor.Initialize: ArtifactProcessingMode.Collect
TpTrace Verbose: 0 : 9368, 1, 2024/06/18, 23:36:34.995, 31622327205284, vstest.console.dll, TestSessionCorrelationIdProcessorModeProcessorExecutor.Initialize: TestSessionCorrelationId '19200_aad00bd4-4ebc-4d08-b5ee-b42ee1e79ee7'
TpTrace Information: 0 : 9368, 1, 2024/06/18, 23:36:35.003, 31622327278580, vstest.console.dll, FilePatternParser: The given file C:\Users\rpsoares3\Documents\Nova pasta\Questao5.Tests\bin\Debug\net6.0\fine-code-coverage\build-output\Questao5.Tests.dll is a full path.
TpTrace Verbose: 0 : 9368, 1, 2024/06/18, 23:36:35.011, 31622327361662, vstest.console.dll, TestPluginCache.DiscoverTestExtensions: finding test extensions in assemblies ends with: RuntimeProvider.dll TPluginInfo: Microsoft.VisualStudio.TestPlatform.Common.ExtensionFramework.Utilities.TestRuntimePluginInformation TExtension: Microsoft.VisualStudio.TestPlatform.ObjectModel.Host.ITestRuntimeProvider
TpTrace Verbose: 0 : 9368, 1, 2024/06/18, 23:36:35.011, 31622327364996, vstest.console.dll, TestPluginCache.GetExtensionPaths: Filtered extension paths: 
TpTrace Verbose: 0 : 9368, 1, 2024/06/18, 23:36:35.012, 31622327365758, vstest.console.dll, TestPluginCache.GetExtensionPaths: Added default extension paths: C:\Program Files\dotnet\sdk\8.0.101\Extensions\Microsoft.Diagnostics.NETCore.Client.dll
C:\Program Files\dotnet\sdk\8.0.101\Extensions\Microsoft.TestPlatform.Extensions.BlameDataCollector.dll
C:\Program Files\dotnet\sdk\8.0.101\Extensions\Microsoft.TestPlatform.Extensions.EventLogCollector.dll
C:\Program Files\dotnet\sdk\8.0.101\Extensions\Microsoft.TestPlatform.TestHostRuntimeProvider.dll
C:\Program Files\dotnet\sdk\8.0.101\Extensions\Microsoft.VisualStudio.TestPlatform.Extensions.Html.TestLogger.dll
C:\Program Files\dotnet\sdk\8.0.101\Extensions\Microsoft.VisualStudio.TestPlatform.Extensions.Trx.TestLogger.dll
TpTrace Verbose: 0 : 9368, 1, 2024/06/18, 23:36:35.012, 31622327366198, vstest.console.dll, TestPluginCache.GetExtensionPaths: Added unfilterableExtensionPaths: 
TpTrace Information: 0 : 9368, 1, 2024/06/18, 23:36:35.012, 31622327370493, vstest.console.dll, AssemblyResolver.ctor: Creating AssemblyResolver with searchDirectories C:\Program Files\dotnet\sdk\8.0.101\Extensions,C:\Program Files\dotnet\sdk\8.0.101
TpTrace Verbose: 0 : 9368, 1, 2024/06/18, 23:36:35.014, 31622327394657, vstest.console.dll, TestPluginCache.DiscoverTestExtensions: Discovering the extensions using extension path.
TpTrace Verbose: 0 : 9368, 1, 2024/06/18, 23:36:35.015, 31622327396209, vstest.console.dll, TestPluginCache.GetExtensionPaths: Filtered extension paths: 
TpTrace Verbose: 0 : 9368, 1, 2024/06/18, 23:36:35.015, 31622327396595, vstest.console.dll, TestPluginCache.GetExtensionPaths: Added default extension paths: C:\Program Files\dotnet\sdk\8.0.101\Extensions\Microsoft.Diagnostics.NETCore.Client.dll
C:\Program Files\dotnet\sdk\8.0.101\Extensions\Microsoft.TestPlatform.Extensions.BlameDataCollector.dll
C:\Program Files\dotnet\sdk\8.0.101\Extensions\Microsoft.TestPlatform.Extensions.EventLogCollector.dll
C:\Program Files\dotnet\sdk\8.0.101\Extensions\Microsoft.TestPlatform.TestHostRuntimeProvider.dll
C:\Program Files\dotnet\sdk\8.0.101\Extensions\Microsoft.VisualStudio.TestPlatform.Extensions.Html.TestLogger.dll
C:\Program Files\dotnet\sdk\8.0.101\Extensions\Microsoft.VisualStudio.TestPlatform.Extensions.Trx.TestLogger.dll
TpTrace Verbose: 0 : 9368, 1, 2024/06/18, 23:36:35.015, 31622327396912, vstest.console.dll, TestPluginCache.GetExtensionPaths: Added unfilterableExtensionPaths: 
TpTrace Verbose: 0 : 9368, 1, 2024/06/18, 23:36:35.015, 31622327397432, vstest.console.dll, TestPluginCache.DiscoverTestExtensions: Discovering the extensions using allExtensionPaths: C:\Program Files\dotnet\sdk\8.0.101\Extensions\Microsoft.Diagnostics.NETCore.Client.dll
C:\Program Files\dotnet\sdk\8.0.101\Extensions\Microsoft.TestPlatform.Extensions.BlameDataCollector.dll
C:\Program Files\dotnet\sdk\8.0.101\Extensions\Microsoft.TestPlatform.Extensions.EventLogCollector.dll
C:\Program Files\dotnet\sdk\8.0.101\Extensions\Microsoft.TestPlatform.TestHostRuntimeProvider.dll
C:\Program Files\dotnet\sdk\8.0.101\Extensions\Microsoft.VisualStudio.TestPlatform.Extensions.Html.TestLogger.dll
C:\Program Files\dotnet\sdk\8.0.101\Extensions\Microsoft.VisualStudio.TestPlatform.Extensions.Trx.TestLogger.dll
TpTrace Information: 0 : 9368, 1, 2024/06/18, 23:36:35.015, 31622327399075, vstest.console.dll, AssemblyResolver.AddSearchDirectories: Adding more searchDirectories C:\Program Files\dotnet\sdk\8.0.101\Extensions,C:\Program Files\dotnet\sdk\8.0.101
TpTrace Information: 0 : 9368, 1, 2024/06/18, 23:36:35.015, 31622327399611, vstest.console.dll, AssemblyResolver.AddSearchDirectories: Adding more searchDirectories C:\Program Files\dotnet\sdk\8.0.101\Extensions,C:\Program Files\dotnet\sdk\8.0.101
TpTrace Information: 0 : 9368, 1, 2024/06/18, 23:36:35.015, 31622327399895, vstest.console.dll, AssemblyResolver.AddSearchDirectories: Adding more searchDirectories C:\Program Files\dotnet\sdk\8.0.101\Extensions,C:\Program Files\dotnet\sdk\8.0.101
TpTrace Information: 0 : 9368, 1, 2024/06/18, 23:36:35.015, 31622327400183, vstest.console.dll, AssemblyResolver.AddSearchDirectories: Adding more searchDirectories C:\Program Files\dotnet\sdk\8.0.101\Extensions,C:\Program Files\dotnet\sdk\8.0.101
TpTrace Information: 0 : 9368, 1, 2024/06/18, 23:36:35.015, 31622327400423, vstest.console.dll, AssemblyResolver.AddSearchDirectories: Adding more searchDirectories C:\Program Files\dotnet\sdk\8.0.101\Extensions,C:\Program Files\dotnet\sdk\8.0.101
TpTrace Information: 0 : 9368, 1, 2024/06/18, 23:36:35.015, 31622327400658, vstest.console.dll, AssemblyResolver.AddSearchDirectories: Adding more searchDirectories C:\Program Files\dotnet\sdk\8.0.101\Extensions,C:\Program Files\dotnet\sdk\8.0.101
TpTrace Information: 0 : 9368, 1, 2024/06/18, 23:36:35.015, 31622327405157, vstest.console.dll, AssemblyResolver.OnResolve: Microsoft.Diagnostics.NETCore.Client: Resolving assembly.
TpTrace Information: 0 : 9368, 1, 2024/06/18, 23:36:35.016, 31622327406091, vstest.console.dll, AssemblyResolver.OnResolve: Microsoft.Diagnostics.NETCore.Client: Searching in: 'C:\Program Files\dotnet\sdk\8.0.101\Extensions'.
TpTrace Information: 0 : 9368, 1, 2024/06/18, 23:36:35.026, 31622327506016, vstest.console.dll, AssemblyResolver.OnResolve: Microsoft.Diagnostics.NETCore.Client: Loading assembly 'C:\Program Files\dotnet\sdk\8.0.101\Extensions\Microsoft.Diagnostics.NETCore.Client.dll'.
TpTrace Information: 0 : 9368, 1, 2024/06/18, 23:36:35.027, 31622327523775, vstest.console.dll, AssemblyResolver.OnResolve: Resolved assembly: Microsoft.Diagnostics.NETCore.Client, from path: C:\Program Files\dotnet\sdk\8.0.101\Extensions\Microsoft.Diagnostics.NETCore.Client.dll
TpTrace Verbose: 0 : 9368, 1, 2024/06/18, 23:36:35.031, 31622327557913, vstest.console.dll, MetadataReaderExtensionsHelper: Discovering extensions inside assembly 'Microsoft.Diagnostics.NETCore.Client, Version=0.2.8.21101, Culture=neutral, PublicKeyToken=31bf3856ad364e35' file path 'C:\Program Files\dotnet\sdk\8.0.101\Extensions\Microsoft.Diagnostics.NETCore.Client.dll'
TpTrace Information: 0 : 9368, 1, 2024/06/18, 23:36:35.037, 31622327622050, vstest.console.dll, AssemblyResolver.OnResolve: Microsoft.Bcl.AsyncInterfaces: Resolving assembly.
TpTrace Information: 0 : 9368, 1, 2024/06/18, 23:36:35.037, 31622327623359, vstest.console.dll, AssemblyResolver.OnResolve: Microsoft.Bcl.AsyncInterfaces: Searching in: 'C:\Program Files\dotnet\sdk\8.0.101\Extensions'.
TpTrace Information: 0 : 9368, 1, 2024/06/18, 23:36:35.037, 31622327624284, vstest.console.dll, AssemblyResolver.OnResolve: Microsoft.Bcl.AsyncInterfaces: Assembly path does not exist: 'C:\Program Files\dotnet\sdk\8.0.101\Extensions\Microsoft.Bcl.AsyncInterfaces.dll', returning.
TpTrace Information: 0 : 9368, 1, 2024/06/18, 23:36:35.038, 31622327625589, vstest.console.dll, AssemblyResolver.OnResolve: Microsoft.Bcl.AsyncInterfaces: Assembly path does not exist: 'C:\Program Files\dotnet\sdk\8.0.101\Extensions\Microsoft.Bcl.AsyncInterfaces.exe', returning.
TpTrace Information: 0 : 9368, 1, 2024/06/18, 23:36:35.038, 31622327625994, vstest.console.dll, AssemblyResolver.OnResolve: Microsoft.Bcl.AsyncInterfaces: Searching in: 'C:\Program Files\dotnet\sdk\8.0.101'.
TpTrace Information: 0 : 9368, 1, 2024/06/18, 23:36:35.038, 31622327626579, vstest.console.dll, AssemblyResolver.OnResolve: Microsoft.Bcl.AsyncInterfaces: Assembly path does not exist: 'C:\Program Files\dotnet\sdk\8.0.101\Microsoft.Bcl.AsyncInterfaces.dll', returning.
TpTrace Information: 0 : 9368, 1, 2024/06/18, 23:36:35.038, 31622327627085, vstest.console.dll, AssemblyResolver.OnResolve: Microsoft.Bcl.AsyncInterfaces: Assembly path does not exist: 'C:\Program Files\dotnet\sdk\8.0.101\Microsoft.Bcl.AsyncInterfaces.exe', returning.
TpTrace Information: 0 : 9368, 1, 2024/06/18, 23:36:35.038, 31622327627339, vstest.console.dll, AssemblyResolver.OnResolve: Microsoft.Bcl.AsyncInterfaces: Failed to load assembly.
TpTrace Verbose: 0 : 9368, 1, 2024/06/18, 23:36:35.038, 31622327627683, vstest.console.dll, CurrentDomainAssemblyResolve: Resolving assembly 'Microsoft.Bcl.AsyncInterfaces'.
TpTrace Information: 0 : 9368, 1, 2024/06/18, 23:36:35.038, 31622327628249, vstest.console.dll, AssemblyResolver.OnResolve: Microsoft.Bcl.AsyncInterfaces: Resolving assembly.
TpTrace Information: 0 : 9368, 1, 2024/06/18, 23:36:35.038, 31622327628594, vstest.console.dll, AssemblyResolver.OnResolve: Microsoft.Bcl.AsyncInterfaces: Resolved from cache.
TpTrace Verbose: 0 : 9368, 1, 2024/06/18, 23:36:35.038, 31622327628830, vstest.console.dll, CurrentDomainAssemblyResolve: Resolving assembly 'Microsoft.Bcl.AsyncInterfaces'.
TpTrace Verbose: 0 : 9368, 1, 2024/06/18, 23:36:35.038, 31622327629115, vstest.console.dll, CurrentDomainAssemblyResolve: Failed to resolve assembly 'Microsoft.Bcl.AsyncInterfaces'.
TpTrace Verbose: 0 : 9368, 1, 2024/06/18, 23:36:35.040, 31622327651197, vstest.console.dll, CurrentDomainAssemblyResolve: Failed to resolve assembly 'Microsoft.Bcl.AsyncInterfaces'.
TpTrace Warning: 0 : 9368, 1, 2024/06/18, 23:36:35.059, 31622327837189, vstest.console.dll, TestPluginDiscoverer: Failed to get types from assembly 'Microsoft.Diagnostics.NETCore.Client, Version=0.2.8.21101, Culture=neutral, PublicKeyToken=31bf3856ad364e35'. Error: System.Reflection.ReflectionTypeLoadException: Unable to load one or more of the requested types.
Could not load file or assembly 'Microsoft.Bcl.AsyncInterfaces, Version=1.0.0.0, Culture=neutral, PublicKeyToken=cc7b13ffcd2ddd51'. O sistema não pode encontrar o arquivo especificado.
   at System.Reflection.RuntimeModule.GetTypes(RuntimeModule module)
   at System.Reflection.RuntimeModule.GetTypes()
   at Microsoft.VisualStudio.TestPlatform.Common.ExtensionFramework.TestPluginDiscoverer.GetTestExtensionsFromAssembly[TPluginInfo,TExtension](Assembly assembly, Dictionary`2 pluginInfos, String filePath) in /_/src/Microsoft.TestPlatform.Common/ExtensionFramework/TestPluginDiscoverer.cs:line 158
System.IO.FileNotFoundException: Could not load file or assembly 'Microsoft.Bcl.AsyncInterfaces, Version=1.0.0.0, Culture=neutral, PublicKeyToken=cc7b13ffcd2ddd51'. O sistema não pode encontrar o arquivo especificado.
File name: 'Microsoft.Bcl.AsyncInterfaces, Version=1.0.0.0, Culture=neutral, PublicKeyToken=cc7b13ffcd2ddd51'
 ---> System.IO.FileNotFoundException: Could not load file or assembly 'Microsoft.Bcl.AsyncInterfaces, Culture=neutral, PublicKeyToken=null'. O sistema não pode encontrar o arquivo especificado.
File name: 'Microsoft.Bcl.AsyncInterfaces, Culture=neutral, PublicKeyToken=null'
   at System.Reflection.RuntimeAssembly.InternalLoad(AssemblyName assemblyName, StackCrawlMark& stackMark, AssemblyLoadContext assemblyLoadContext, RuntimeAssembly requestingAssembly, Boolean throwOnFileNotFound)
   at System.Reflection.Assembly.Load(AssemblyName assemblyRef)
   at Microsoft.VisualStudio.TestPlatform.Common.ExtensionFramework.TestPluginCache.CurrentDomainAssemblyResolve(Object sender, AssemblyResolveEventArgs args) in /_/src/Microsoft.TestPlatform.Common/ExtensionFramework/TestPluginCache.cs:line 513
   at System.Runtime.Loader.AssemblyLoadContext.GetFirstResolvedAssemblyFromResolvingEvent(AssemblyName assemblyName)
   at System.Runtime.Loader.AssemblyLoadContext.ResolveUsingEvent(AssemblyName assemblyName)
   at System.Runtime.Loader.AssemblyLoadContext.ResolveUsingResolvingEvent(IntPtr gchManagedAssemblyLoadContext, AssemblyName assemblyName)
TpTrace Warning: 0 : 9368, 1, 2024/06/18, 23:36:35.059, 31622327840600, vstest.console.dll, LoaderExceptions: System.IO.FileNotFoundException: Could not load file or assembly 'Microsoft.Bcl.AsyncInterfaces, Version=1.0.0.0, Culture=neutral, PublicKeyToken=cc7b13ffcd2ddd51'. O sistema não pode encontrar o arquivo especificado.
File name: 'Microsoft.Bcl.AsyncInterfaces, Version=1.0.0.0, Culture=neutral, PublicKeyToken=cc7b13ffcd2ddd51'
 ---> System.IO.FileNotFoundException: Could not load file or assembly 'Microsoft.Bcl.AsyncInterfaces, Culture=neutral, PublicKeyToken=null'. O sistema não pode encontrar o arquivo especificado.
File name: 'Microsoft.Bcl.AsyncInterfaces, Culture=neutral, PublicKeyToken=null'
   at System.Reflection.RuntimeAssembly.InternalLoad(AssemblyName assemblyName, StackCrawlMark& stackMark, AssemblyLoadContext assemblyLoadContext, RuntimeAssembly requestingAssembly, Boolean throwOnFileNotFound)
   at System.Reflection.Assembly.Load(AssemblyName assemblyRef)
   at Microsoft.VisualStudio.TestPlatform.Common.ExtensionFramework.TestPluginCache.CurrentDomainAssemblyResolve(Object sender, AssemblyResolveEventArgs args) in /_/src/Microsoft.TestPlatform.Common/ExtensionFramework/TestPluginCache.cs:line 513
   at System.Runtime.Loader.AssemblyLoadContext.GetFirstResolvedAssemblyFromResolvingEvent(AssemblyName assemblyName)
   at System.Runtime.Loader.AssemblyLoadContext.ResolveUsingEvent(AssemblyName assemblyName)
   at System.Runtime.Loader.AssemblyLoadContext.ResolveUsingResolvingEvent(IntPtr gchManagedAssemblyLoadContext, AssemblyName assemblyName)
TpTrace Information: 0 : 9368, 1, 2024/06/18, 23:36:35.059, 31622327842079, vstest.console.dll, AssemblyResolver.OnResolve: Microsoft.TestPlatform.Extensions.BlameDataCollector: Resolving assembly.
TpTrace Information: 0 : 9368, 1, 2024/06/18, 23:36:35.059, 31622327842603, vstest.console.dll, AssemblyResolver.OnResolve: Microsoft.TestPlatform.Extensions.BlameDataCollector: Searching in: 'C:\Program Files\dotnet\sdk\8.0.101\Extensions'.
TpTrace Information: 0 : 9368, 1, 2024/06/18, 23:36:35.060, 31622327851485, vstest.console.dll, AssemblyResolver.OnResolve: Microsoft.TestPlatform.Extensions.BlameDataCollector: Loading assembly 'C:\Program Files\dotnet\sdk\8.0.101\Extensions\Microsoft.TestPlatform.Extensions.BlameDataCollector.dll'.
TpTrace Information: 0 : 9368, 1, 2024/06/18, 23:36:35.063, 31622327884787, vstest.console.dll, AssemblyResolver.OnResolve: Resolved assembly: Microsoft.TestPlatform.Extensions.BlameDataCollector, from path: C:\Program Files\dotnet\sdk\8.0.101\Extensions\Microsoft.TestPlatform.Extensions.BlameDataCollector.dll
TpTrace Verbose: 0 : 9368, 1, 2024/06/18, 23:36:35.064, 31622327886365, vstest.console.dll, MetadataReaderExtensionsHelper: Discovering extensions inside assembly 'Microsoft.TestPlatform.Extensions.BlameDataCollector, Version=15.0.0.0, Culture=neutral, PublicKeyToken=b03f5f7f11d50a3a' file path 'C:\Program Files\dotnet\sdk\8.0.101\Extensions\Microsoft.TestPlatform.Extensions.BlameDataCollector.dll'
TpTrace Information: 0 : 9368, 1, 2024/06/18, 23:36:35.066, 31622327905695, vstest.console.dll, AssemblyResolver.OnResolve: Microsoft.TestPlatform.Extensions.EventLogCollector: Resolving assembly.
TpTrace Information: 0 : 9368, 1, 2024/06/18, 23:36:35.066, 31622327906941, vstest.console.dll, AssemblyResolver.OnResolve: Microsoft.TestPlatform.Extensions.EventLogCollector: Searching in: 'C:\Program Files\dotnet\sdk\8.0.101\Extensions'.
TpTrace Information: 0 : 9368, 1, 2024/06/18, 23:36:35.067, 31622327916058, vstest.console.dll, AssemblyResolver.OnResolve: Microsoft.TestPlatform.Extensions.EventLogCollector: Loading assembly 'C:\Program Files\dotnet\sdk\8.0.101\Extensions\Microsoft.TestPlatform.Extensions.EventLogCollector.dll'.
TpTrace Information: 0 : 9368, 1, 2024/06/18, 23:36:35.069, 31622327939437, vstest.console.dll, AssemblyResolver.OnResolve: Resolved assembly: Microsoft.TestPlatform.Extensions.EventLogCollector, from path: C:\Program Files\dotnet\sdk\8.0.101\Extensions\Microsoft.TestPlatform.Extensions.EventLogCollector.dll
TpTrace Verbose: 0 : 9368, 1, 2024/06/18, 23:36:35.069, 31622327941113, vstest.console.dll, MetadataReaderExtensionsHelper: Discovering extensions inside assembly 'Microsoft.TestPlatform.Extensions.EventLogCollector, Version=15.0.0.0, Culture=neutral, PublicKeyToken=b03f5f7f11d50a3a' file path 'C:\Program Files\dotnet\sdk\8.0.101\Extensions\Microsoft.TestPlatform.Extensions.EventLogCollector.dll'
TpTrace Information: 0 : 9368, 1, 2024/06/18, 23:36:35.075, 31622328005552, vstest.console.dll, AssemblyResolver.OnResolve: Microsoft.TestPlatform.TestHostRuntimeProvider: Resolving assembly.
TpTrace Information: 0 : 9368, 1, 2024/06/18, 23:36:35.076, 31622328007050, vstest.console.dll, AssemblyResolver.OnResolve: Microsoft.TestPlatform.TestHostRuntimeProvider: Searching in: 'C:\Program Files\dotnet\sdk\8.0.101\Extensions'.
TpTrace Information: 0 : 9368, 1, 2024/06/18, 23:36:35.077, 31622328018111, vstest.console.dll, AssemblyResolver.OnResolve: Microsoft.TestPlatform.TestHostRuntimeProvider: Loading assembly 'C:\Program Files\dotnet\sdk\8.0.101\Extensions\Microsoft.TestPlatform.TestHostRuntimeProvider.dll'.
TpTrace Information: 0 : 9368, 1, 2024/06/18, 23:36:35.079, 31622328036778, vstest.console.dll, AssemblyResolver.OnResolve: Resolved assembly: Microsoft.TestPlatform.TestHostRuntimeProvider, from path: C:\Program Files\dotnet\sdk\8.0.101\Extensions\Microsoft.TestPlatform.TestHostRuntimeProvider.dll
TpTrace Verbose: 0 : 9368, 1, 2024/06/18, 23:36:35.079, 31622328037790, vstest.console.dll, MetadataReaderExtensionsHelper: Discovering extensions inside assembly 'Microsoft.TestPlatform.TestHostRuntimeProvider, Version=15.0.0.0, Culture=neutral, PublicKeyToken=b03f5f7f11d50a3a' file path 'C:\Program Files\dotnet\sdk\8.0.101\Extensions\Microsoft.TestPlatform.TestHostRuntimeProvider.dll'
TpTrace Information: 0 : 9368, 1, 2024/06/18, 23:36:35.081, 31622328056185, vstest.console.dll, GetTestExtensionFromType: Register extension with identifier data 'HostProvider://DefaultTestHost' and type 'Microsoft.VisualStudio.TestPlatform.CrossPlatEngine.Hosting.DefaultTestHostManager, Microsoft.TestPlatform.TestHostRuntimeProvider, Version=15.0.0.0, Culture=neutral, PublicKeyToken=b03f5f7f11d50a3a' inside file 'C:\Program Files\dotnet\sdk\8.0.101\Extensions\Microsoft.TestPlatform.TestHostRuntimeProvider.dll'
TpTrace Information: 0 : 9368, 1, 2024/06/18, 23:36:35.081, 31622328058772, vstest.console.dll, GetTestExtensionFromType: Register extension with identifier data 'HostProvider://DotnetTestHost' and type 'Microsoft.VisualStudio.TestPlatform.CrossPlatEngine.Hosting.DotnetTestHostManager, Microsoft.TestPlatform.TestHostRuntimeProvider, Version=15.0.0.0, Culture=neutral, PublicKeyToken=b03f5f7f11d50a3a' inside file 'C:\Program Files\dotnet\sdk\8.0.101\Extensions\Microsoft.TestPlatform.TestHostRuntimeProvider.dll'
TpTrace Information: 0 : 9368, 1, 2024/06/18, 23:36:35.081, 31622328059585, vstest.console.dll, AssemblyResolver.OnResolve: Microsoft.VisualStudio.TestPlatform.Extensions.Html.TestLogger: Resolving assembly.
TpTrace Information: 0 : 9368, 1, 2024/06/18, 23:36:35.081, 31622328060035, vstest.console.dll, AssemblyResolver.OnResolve: Microsoft.VisualStudio.TestPlatform.Extensions.Html.TestLogger: Searching in: 'C:\Program Files\dotnet\sdk\8.0.101\Extensions'.
TpTrace Information: 0 : 9368, 1, 2024/06/18, 23:36:35.082, 31622328069501, vstest.console.dll, AssemblyResolver.OnResolve: Microsoft.VisualStudio.TestPlatform.Extensions.Html.TestLogger: Loading assembly 'C:\Program Files\dotnet\sdk\8.0.101\Extensions\Microsoft.VisualStudio.TestPlatform.Extensions.Html.TestLogger.dll'.
TpTrace Information: 0 : 9368, 1, 2024/06/18, 23:36:35.084, 31622328087993, vstest.console.dll, AssemblyResolver.OnResolve: Resolved assembly: Microsoft.VisualStudio.TestPlatform.Extensions.Html.TestLogger, from path: C:\Program Files\dotnet\sdk\8.0.101\Extensions\Microsoft.VisualStudio.TestPlatform.Extensions.Html.TestLogger.dll
TpTrace Verbose: 0 : 9368, 1, 2024/06/18, 23:36:35.084, 31622328089168, vstest.console.dll, MetadataReaderExtensionsHelper: Discovering extensions inside assembly 'Microsoft.VisualStudio.TestPlatform.Extensions.Html.TestLogger, Version=15.0.0.0, Culture=neutral, PublicKeyToken=b03f5f7f11d50a3a' file path 'C:\Program Files\dotnet\sdk\8.0.101\Extensions\Microsoft.VisualStudio.TestPlatform.Extensions.Html.TestLogger.dll'
TpTrace Information: 0 : 9368, 1, 2024/06/18, 23:36:35.085, 31622328105385, vstest.console.dll, AssemblyResolver.OnResolve: Microsoft.VisualStudio.TestPlatform.Extensions.Trx.TestLogger: Resolving assembly.
TpTrace Information: 0 : 9368, 1, 2024/06/18, 23:36:35.086, 31622328106693, vstest.console.dll, AssemblyResolver.OnResolve: Microsoft.VisualStudio.TestPlatform.Extensions.Trx.TestLogger: Searching in: 'C:\Program Files\dotnet\sdk\8.0.101\Extensions'.
TpTrace Information: 0 : 9368, 1, 2024/06/18, 23:36:35.087, 31622328118540, vstest.console.dll, AssemblyResolver.OnResolve: Microsoft.VisualStudio.TestPlatform.Extensions.Trx.TestLogger: Loading assembly 'C:\Program Files\dotnet\sdk\8.0.101\Extensions\Microsoft.VisualStudio.TestPlatform.Extensions.Trx.TestLogger.dll'.
TpTrace Information: 0 : 9368, 1, 2024/06/18, 23:36:35.088, 31622328134419, vstest.console.dll, AssemblyResolver.OnResolve: Resolved assembly: Microsoft.VisualStudio.TestPlatform.Extensions.Trx.TestLogger, from path: C:\Program Files\dotnet\sdk\8.0.101\Extensions\Microsoft.VisualStudio.TestPlatform.Extensions.Trx.TestLogger.dll
TpTrace Verbose: 0 : 9368, 1, 2024/06/18, 23:36:35.088, 31622328135540, vstest.console.dll, MetadataReaderExtensionsHelper: Discovering extensions inside assembly 'Microsoft.VisualStudio.TestPlatform.Extensions.Trx.TestLogger, Version=15.0.0.0, Culture=neutral, PublicKeyToken=b03f5f7f11d50a3a' file path 'C:\Program Files\dotnet\sdk\8.0.101\Extensions\Microsoft.VisualStudio.TestPlatform.Extensions.Trx.TestLogger.dll'
TpTrace Verbose: 0 : 9368, 1, 2024/06/18, 23:36:35.090, 31622328149932, vstest.console.dll, TestPluginCache: Discovered the extensions using extension path ''.
TpTrace Verbose: 0 : 9368, 1, 2024/06/18, 23:36:35.090, 31622328151051, vstest.console.dll, TestPluginCache: Discoverers are ''.
TpTrace Verbose: 0 : 9368, 1, 2024/06/18, 23:36:35.090, 31622328151484, vstest.console.dll, TestPluginCache: Executors are ''.
TpTrace Verbose: 0 : 9368, 1, 2024/06/18, 23:36:35.090, 31622328151898, vstest.console.dll, TestPluginCache: Executors2 are ''.
TpTrace Verbose: 0 : 9368, 1, 2024/06/18, 23:36:35.090, 31622328152247, vstest.console.dll, TestPluginCache: Setting providers are ''.
TpTrace Verbose: 0 : 9368, 1, 2024/06/18, 23:36:35.090, 31622328152584, vstest.console.dll, TestPluginCache: Loggers are ''.
TpTrace Verbose: 0 : 9368, 1, 2024/06/18, 23:36:35.090, 31622328153502, vstest.console.dll, TestPluginCache: TestHosts are 'HostProvider://DefaultTestHost,HostProvider://DotnetTestHost'.
TpTrace Verbose: 0 : 9368, 1, 2024/06/18, 23:36:35.090, 31622328153848, vstest.console.dll, TestPluginCache: DataCollectors are ''.
TpTrace Information: 0 : 9368, 1, 2024/06/18, 23:36:35.110, 31622328348971, vstest.console.dll, RunTestsArgumentProcessor:Execute: Test run is starting.
TpTrace Verbose: 0 : 9368, 1, 2024/06/18, 23:36:35.110, 31622328350190, vstest.console.dll, RunTestsArgumentProcessor:Execute: Queuing Test run.
TpTrace Information: 0 : 9368, 1, 2024/06/18, 23:36:35.110, 31622328352355, vstest.console.dll, TestRequestManager.RunTests: run tests started.
TpTrace Information: 0 : 9368, 1, 2024/06/18, 23:36:35.112, 31622328371316, vstest.console.dll, AssemblyMetadataProvider.GetFrameworkName: Determined framework:'.NETCoreApp,Version=v6.0' for source: 'C:\Users\rpsoares3\Documents\Nova pasta\Questao5.Tests\bin\Debug\net6.0\fine-code-coverage\build-output\Questao5.Tests.dll'
TpTrace Information: 0 : 9368, 1, 2024/06/18, 23:36:35.112, 31622328373368, vstest.console.dll, Determined framework for all sources: .NETCoreApp,Version=v6.0
TpTrace Verbose: 0 : 9368, 1, 2024/06/18, 23:36:35.113, 31622328376884, vstest.console.dll, TestRequestManager.UpdateRunSettingsIfRequired: Default architecture: X64 IsDefaultTargetArchitecture: True, Current process architecture: X64 OperatingSystem: Windows.
TpTrace Information: 0 : 9368, 1, 2024/06/18, 23:36:35.115, 31622328403138, vstest.console.dll, AssemblyMetadataProvider.GetArchitecture: Determined architecture:AnyCPU info for assembly: C:\Users\rpsoares3\Documents\Nova pasta\Questao5.Tests\bin\Debug\net6.0\fine-code-coverage\build-output\Questao5.Tests.dll
TpTrace Information: 0 : 9368, 1, 2024/06/18, 23:36:35.115, 31622328404326, vstest.console.dll, Determined platform for source 'C:\Users\rpsoares3\Documents\Nova pasta\Questao5.Tests\bin\Debug\net6.0\fine-code-coverage\build-output\Questao5.Tests.dll' was AnyCPU and it will use the default plaform X64.
TpTrace Information: 0 : 9368, 1, 2024/06/18, 23:36:35.115, 31622328404650, vstest.console.dll, None of the sources provided any runnable platform, using the default platform: X64
TpTrace Information: 0 : 9368, 1, 2024/06/18, 23:36:35.116, 31622328405865, vstest.console.dll, Platform was updated to 'X64'.
TpTrace Information: 0 : 9368, 1, 2024/06/18, 23:36:35.119, 31622328437403, vstest.console.dll, InferRunSettingsHelper.IsTestSettingsEnabled: Unable to navigate to RunSettings/MSTest. Current node: RunSettings
TpTrace Information: 0 : 9368, 1, 2024/06/18, 23:36:35.119, 31622328443921, vstest.console.dll, AssemblyResolver.OnResolve: Microsoft.VisualStudio.TestPlatform.Fakes: Resolving assembly.
TpTrace Information: 0 : 9368, 1, 2024/06/18, 23:36:35.119, 31622328445100, vstest.console.dll, AssemblyResolver.OnResolve: Microsoft.VisualStudio.TestPlatform.Fakes: Searching in: 'C:\Program Files\dotnet\sdk\8.0.101\Extensions'.
TpTrace Information: 0 : 9368, 1, 2024/06/18, 23:36:35.120, 31622328446204, vstest.console.dll, AssemblyResolver.OnResolve: Microsoft.VisualStudio.TestPlatform.Fakes: Assembly path does not exist: 'C:\Program Files\dotnet\sdk\8.0.101\Extensions\Microsoft.VisualStudio.TestPlatform.Fakes.dll', returning.
TpTrace Information: 0 : 9368, 1, 2024/06/18, 23:36:35.120, 31622328446907, vstest.console.dll, AssemblyResolver.OnResolve: Microsoft.VisualStudio.TestPlatform.Fakes: Assembly path does not exist: 'C:\Program Files\dotnet\sdk\8.0.101\Extensions\Microsoft.VisualStudio.TestPlatform.Fakes.exe', returning.
TpTrace Information: 0 : 9368, 1, 2024/06/18, 23:36:35.120, 31622328447186, vstest.console.dll, AssemblyResolver.OnResolve: Microsoft.VisualStudio.TestPlatform.Fakes: Searching in: 'C:\Program Files\dotnet\sdk\8.0.101'.
TpTrace Information: 0 : 9368, 1, 2024/06/18, 23:36:35.120, 31622328447894, vstest.console.dll, AssemblyResolver.OnResolve: Microsoft.VisualStudio.TestPlatform.Fakes: Assembly path does not exist: 'C:\Program Files\dotnet\sdk\8.0.101\Microsoft.VisualStudio.TestPlatform.Fakes.dll', returning.
TpTrace Information: 0 : 9368, 1, 2024/06/18, 23:36:35.120, 31622328448461, vstest.console.dll, AssemblyResolver.OnResolve: Microsoft.VisualStudio.TestPlatform.Fakes: Assembly path does not exist: 'C:\Program Files\dotnet\sdk\8.0.101\Microsoft.VisualStudio.TestPlatform.Fakes.exe', returning.
TpTrace Information: 0 : 9368, 1, 2024/06/18, 23:36:35.120, 31622328448726, vstest.console.dll, AssemblyResolver.OnResolve: Microsoft.VisualStudio.TestPlatform.Fakes: Failed to load assembly.
TpTrace Information: 0 : 9368, 1, 2024/06/18, 23:36:35.120, 31622328451668, vstest.console.dll, Failed to load assembly Microsoft.VisualStudio.TestPlatform.Fakes, Version=17.0.0.0, Culture=neutral. Reason:System.IO.FileNotFoundException: Could not load file or assembly 'Microsoft.VisualStudio.TestPlatform.Fakes, Version=17.0.0.0, Culture=neutral, PublicKeyToken=null'. O sistema não pode encontrar o arquivo especificado.
File name: 'Microsoft.VisualStudio.TestPlatform.Fakes, Version=17.0.0.0, Culture=neutral, PublicKeyToken=null'
   at System.Reflection.RuntimeAssembly.InternalLoad(AssemblyName assemblyName, StackCrawlMark& stackMark, AssemblyLoadContext assemblyLoadContext, RuntimeAssembly requestingAssembly, Boolean throwOnFileNotFound)
   at System.Reflection.Assembly.Load(AssemblyName assemblyRef)
   at Microsoft.VisualStudio.TestPlatform.Common.Utilities.FakesUtilities.LoadTestPlatformAssembly() in /_/src/Microsoft.TestPlatform.Common/Utilities/FakesUtilities.cs:line 272
TpTrace Verbose: 0 : 9368, 1, 2024/06/18, 23:36:35.123, 31622328483031, vstest.console.dll, TestPluginCache.DiscoverTestExtensions: finding test extensions in assemblies ends with: TestLogger.dll TPluginInfo: Microsoft.VisualStudio.TestPlatform.Common.ExtensionFramework.Utilities.TestLoggerPluginInformation TExtension: Microsoft.VisualStudio.TestPlatform.ObjectModel.Client.ITestLogger
TpTrace Verbose: 0 : 9368, 1, 2024/06/18, 23:36:35.123, 31622328484262, vstest.console.dll, TestPluginCache.GetExtensionPaths: Filtered extension paths: 
TpTrace Verbose: 0 : 9368, 1, 2024/06/18, 23:36:35.123, 31622328484628, vstest.console.dll, TestPluginCache.GetExtensionPaths: Added default extension paths: C:\Program Files\dotnet\sdk\8.0.101\Extensions\Microsoft.Diagnostics.NETCore.Client.dll
C:\Program Files\dotnet\sdk\8.0.101\Extensions\Microsoft.TestPlatform.Extensions.BlameDataCollector.dll
C:\Program Files\dotnet\sdk\8.0.101\Extensions\Microsoft.TestPlatform.Extensions.EventLogCollector.dll
C:\Program Files\dotnet\sdk\8.0.101\Extensions\Microsoft.TestPlatform.TestHostRuntimeProvider.dll
C:\Program Files\dotnet\sdk\8.0.101\Extensions\Microsoft.VisualStudio.TestPlatform.Extensions.Html.TestLogger.dll
C:\Program Files\dotnet\sdk\8.0.101\Extensions\Microsoft.VisualStudio.TestPlatform.Extensions.Trx.TestLogger.dll
TpTrace Verbose: 0 : 9368, 1, 2024/06/18, 23:36:35.123, 31622328484916, vstest.console.dll, TestPluginCache.GetExtensionPaths: Added unfilterableExtensionPaths: 
TpTrace Information: 0 : 9368, 1, 2024/06/18, 23:36:35.124, 31622328486463, vstest.console.dll, AssemblyResolver.AddSearchDirectories: Adding more searchDirectories C:\Program Files\dotnet\sdk\8.0.101\Extensions,C:\Program Files\dotnet\sdk\8.0.101
TpTrace Verbose: 0 : 9368, 1, 2024/06/18, 23:36:35.124, 31622328486975, vstest.console.dll, TestPluginCache.DiscoverTestExtensions: Discovering the extensions using extension path.
TpTrace Verbose: 0 : 9368, 1, 2024/06/18, 23:36:35.124, 31622328487273, vstest.console.dll, TestPluginCache.GetExtensionPaths: Filtered extension paths: 
TpTrace Verbose: 0 : 9368, 1, 2024/06/18, 23:36:35.124, 31622328487552, vstest.console.dll, TestPluginCache.GetExtensionPaths: Added default extension paths: C:\Program Files\dotnet\sdk\8.0.101\Extensions\Microsoft.Diagnostics.NETCore.Client.dll
C:\Program Files\dotnet\sdk\8.0.101\Extensions\Microsoft.TestPlatform.Extensions.BlameDataCollector.dll
C:\Program Files\dotnet\sdk\8.0.101\Extensions\Microsoft.TestPlatform.Extensions.EventLogCollector.dll
C:\Program Files\dotnet\sdk\8.0.101\Extensions\Microsoft.TestPlatform.TestHostRuntimeProvider.dll
C:\Program Files\dotnet\sdk\8.0.101\Extensions\Microsoft.VisualStudio.TestPlatform.Extensions.Html.TestLogger.dll
C:\Program Files\dotnet\sdk\8.0.101\Extensions\Microsoft.VisualStudio.TestPlatform.Extensions.Trx.TestLogger.dll
TpTrace Verbose: 0 : 9368, 1, 2024/06/18, 23:36:35.124, 31622328487801, vstest.console.dll, TestPluginCache.GetExtensionPaths: Added unfilterableExtensionPaths: 
TpTrace Verbose: 0 : 9368, 1, 2024/06/18, 23:36:35.124, 31622328488091, vstest.console.dll, TestPluginCache.DiscoverTestExtensions: Discovering the extensions using allExtensionPaths: C:\Program Files\dotnet\sdk\8.0.101\Extensions\Microsoft.Diagnostics.NETCore.Client.dll
C:\Program Files\dotnet\sdk\8.0.101\Extensions\Microsoft.TestPlatform.Extensions.BlameDataCollector.dll
C:\Program Files\dotnet\sdk\8.0.101\Extensions\Microsoft.TestPlatform.Extensions.EventLogCollector.dll
C:\Program Files\dotnet\sdk\8.0.101\Extensions\Microsoft.TestPlatform.TestHostRuntimeProvider.dll
C:\Program Files\dotnet\sdk\8.0.101\Extensions\Microsoft.VisualStudio.TestPlatform.Extensions.Html.TestLogger.dll
C:\Program Files\dotnet\sdk\8.0.101\Extensions\Microsoft.VisualStudio.TestPlatform.Extensions.Trx.TestLogger.dll
TpTrace Information: 0 : 9368, 1, 2024/06/18, 23:36:35.124, 31622328489285, vstest.console.dll, AssemblyResolver.AddSearchDirectories: Adding more searchDirectories C:\Program Files\dotnet\sdk\8.0.101\Extensions,C:\Program Files\dotnet\sdk\8.0.101
TpTrace Information: 0 : 9368, 1, 2024/06/18, 23:36:35.124, 31622328489728, vstest.console.dll, AssemblyResolver.AddSearchDirectories: Adding more searchDirectories C:\Program Files\dotnet\sdk\8.0.101\Extensions,C:\Program Files\dotnet\sdk\8.0.101
TpTrace Information: 0 : 9368, 1, 2024/06/18, 23:36:35.124, 31622328490033, vstest.console.dll, AssemblyResolver.AddSearchDirectories: Adding more searchDirectories C:\Program Files\dotnet\sdk\8.0.101\Extensions,C:\Program Files\dotnet\sdk\8.0.101
TpTrace Information: 0 : 9368, 1, 2024/06/18, 23:36:35.124, 31622328490283, vstest.console.dll, AssemblyResolver.AddSearchDirectories: Adding more searchDirectories C:\Program Files\dotnet\sdk\8.0.101\Extensions,C:\Program Files\dotnet\sdk\8.0.101
TpTrace Information: 0 : 9368, 1, 2024/06/18, 23:36:35.124, 31622328490577, vstest.console.dll, AssemblyResolver.AddSearchDirectories: Adding more searchDirectories C:\Program Files\dotnet\sdk\8.0.101\Extensions,C:\Program Files\dotnet\sdk\8.0.101
TpTrace Information: 0 : 9368, 1, 2024/06/18, 23:36:35.124, 31622328490914, vstest.console.dll, AssemblyResolver.AddSearchDirectories: Adding more searchDirectories C:\Program Files\dotnet\sdk\8.0.101\Extensions,C:\Program Files\dotnet\sdk\8.0.101
TpTrace Verbose: 0 : 9368, 1, 2024/06/18, 23:36:35.124, 31622328492315, vstest.console.dll, MetadataReaderExtensionsHelper: Discovering extensions inside assembly 'Microsoft.Diagnostics.NETCore.Client, Version=0.2.8.21101, Culture=neutral, PublicKeyToken=31bf3856ad364e35' file path 'C:\Program Files\dotnet\sdk\8.0.101\Extensions\Microsoft.Diagnostics.NETCore.Client.dll'
TpTrace Information: 0 : 9368, 1, 2024/06/18, 23:36:35.125, 31622328504244, vstest.console.dll, AssemblyResolver.OnResolve: Microsoft.Bcl.AsyncInterfaces: Resolving assembly.
TpTrace Information: 0 : 9368, 1, 2024/06/18, 23:36:35.125, 31622328505011, vstest.console.dll, AssemblyResolver.OnResolve: Microsoft.Bcl.AsyncInterfaces: Resolved from cache.
TpTrace Verbose: 0 : 9368, 1, 2024/06/18, 23:36:35.125, 31622328505258, vstest.console.dll, CurrentDomainAssemblyResolve: Resolving assembly 'Microsoft.Bcl.AsyncInterfaces'.
TpTrace Information: 0 : 9368, 1, 2024/06/18, 23:36:35.126, 31622328505636, vstest.console.dll, AssemblyResolver.OnResolve: Microsoft.Bcl.AsyncInterfaces: Resolving assembly.
TpTrace Information: 0 : 9368, 1, 2024/06/18, 23:36:35.126, 31622328505880, vstest.console.dll, AssemblyResolver.OnResolve: Microsoft.Bcl.AsyncInterfaces: Resolved from cache.
TpTrace Verbose: 0 : 9368, 1, 2024/06/18, 23:36:35.126, 31622328506149, vstest.console.dll, CurrentDomainAssemblyResolve: Resolving assembly 'Microsoft.Bcl.AsyncInterfaces'.
TpTrace Verbose: 0 : 9368, 1, 2024/06/18, 23:36:35.126, 31622328506367, vstest.console.dll, CurrentDomainAssemblyResolve: Failed to resolve assembly 'Microsoft.Bcl.AsyncInterfaces'.
TpTrace Verbose: 0 : 9368, 1, 2024/06/18, 23:36:35.126, 31622328507510, vstest.console.dll, CurrentDomainAssemblyResolve: Failed to resolve assembly 'Microsoft.Bcl.AsyncInterfaces'.
TpTrace Warning: 0 : 9368, 1, 2024/06/18, 23:36:35.126, 31622328510096, vstest.console.dll, TestPluginDiscoverer: Failed to get types from assembly 'Microsoft.Diagnostics.NETCore.Client, Version=0.2.8.21101, Culture=neutral, PublicKeyToken=31bf3856ad364e35'. Error: System.Reflection.ReflectionTypeLoadException: Unable to load one or more of the requested types.
Could not load file or assembly 'Microsoft.Bcl.AsyncInterfaces, Version=1.0.0.0, Culture=neutral, PublicKeyToken=cc7b13ffcd2ddd51'. O sistema não pode encontrar o arquivo especificado.
   at System.Reflection.RuntimeModule.GetTypes(RuntimeModule module)
   at System.Reflection.RuntimeModule.GetTypes()
   at Microsoft.VisualStudio.TestPlatform.Common.ExtensionFramework.TestPluginDiscoverer.GetTestExtensionsFromAssembly[TPluginInfo,TExtension](Assembly assembly, Dictionary`2 pluginInfos, String filePath) in /_/src/Microsoft.TestPlatform.Common/ExtensionFramework/TestPluginDiscoverer.cs:line 158
System.IO.FileNotFoundException: Could not load file or assembly 'Microsoft.Bcl.AsyncInterfaces, Version=1.0.0.0, Culture=neutral, PublicKeyToken=cc7b13ffcd2ddd51'. O sistema não pode encontrar o arquivo especificado.
File name: 'Microsoft.Bcl.AsyncInterfaces, Version=1.0.0.0, Culture=neutral, PublicKeyToken=cc7b13ffcd2ddd51'
 ---> System.IO.FileNotFoundException: Could not load file or assembly 'Microsoft.Bcl.AsyncInterfaces, Culture=neutral, PublicKeyToken=null'. O sistema não pode encontrar o arquivo especificado.
File name: 'Microsoft.Bcl.AsyncInterfaces, Culture=neutral, PublicKeyToken=null'
   at System.Reflection.RuntimeAssembly.InternalLoad(AssemblyName assemblyName, StackCrawlMark& stackMark, AssemblyLoadContext assemblyLoadContext, RuntimeAssembly requestingAssembly, Boolean throwOnFileNotFound)
   at System.Reflection.Assembly.Load(AssemblyName assemblyRef)
   at Microsoft.VisualStudio.TestPlatform.Common.ExtensionFramework.TestPluginCache.CurrentDomainAssemblyResolve(Object sender, AssemblyResolveEventArgs args) in /_/src/Microsoft.TestPlatform.Common/ExtensionFramework/TestPluginCache.cs:line 513
   at System.Runtime.Loader.AssemblyLoadContext.GetFirstResolvedAssemblyFromResolvingEvent(AssemblyName assemblyName)
   at System.Runtime.Loader.AssemblyLoadContext.ResolveUsingEvent(AssemblyName assemblyName)
   at System.Runtime.Loader.AssemblyLoadContext.ResolveUsingResolvingEvent(IntPtr gchManagedAssemblyLoadContext, AssemblyName assemblyName)
TpTrace Warning: 0 : 9368, 1, 2024/06/18, 23:36:35.126, 31622328512769, vstest.console.dll, LoaderExceptions: System.IO.FileNotFoundException: Could not load file or assembly 'Microsoft.Bcl.AsyncInterfaces, Version=1.0.0.0, Culture=neutral, PublicKeyToken=cc7b13ffcd2ddd51'. O sistema não pode encontrar o arquivo especificado.
File name: 'Microsoft.Bcl.AsyncInterfaces, Version=1.0.0.0, Culture=neutral, PublicKeyToken=cc7b13ffcd2ddd51'
 ---> System.IO.FileNotFoundException: Could not load file or assembly 'Microsoft.Bcl.AsyncInterfaces, Culture=neutral, PublicKeyToken=null'. O sistema não pode encontrar o arquivo especificado.
File name: 'Microsoft.Bcl.AsyncInterfaces, Culture=neutral, PublicKeyToken=null'
   at System.Reflection.RuntimeAssembly.InternalLoad(AssemblyName assemblyName, StackCrawlMark& stackMark, AssemblyLoadContext assemblyLoadContext, RuntimeAssembly requestingAssembly, Boolean throwOnFileNotFound)
   at System.Reflection.Assembly.Load(AssemblyName assemblyRef)
   at Microsoft.VisualStudio.TestPlatform.Common.ExtensionFramework.TestPluginCache.CurrentDomainAssemblyResolve(Object sender, AssemblyResolveEventArgs args) in /_/src/Microsoft.TestPlatform.Common/ExtensionFramework/TestPluginCache.cs:line 513
   at System.Runtime.Loader.AssemblyLoadContext.GetFirstResolvedAssemblyFromResolvingEvent(AssemblyName assemblyName)
   at System.Runtime.Loader.AssemblyLoadContext.ResolveUsingEvent(AssemblyName assemblyName)
   at System.Runtime.Loader.AssemblyLoadContext.ResolveUsingResolvingEvent(IntPtr gchManagedAssemblyLoadContext, AssemblyName assemblyName)
TpTrace Verbose: 0 : 9368, 1, 2024/06/18, 23:36:35.126, 31622328514057, vstest.console.dll, MetadataReaderExtensionsHelper: Discovering extensions inside assembly 'Microsoft.TestPlatform.Extensions.BlameDataCollector, Version=15.0.0.0, Culture=neutral, PublicKeyToken=b03f5f7f11d50a3a' file path 'C:\Program Files\dotnet\sdk\8.0.101\Extensions\Microsoft.TestPlatform.Extensions.BlameDataCollector.dll'
TpTrace Information: 0 : 9368, 1, 2024/06/18, 23:36:35.127, 31622328524346, vstest.console.dll, GetTestExtensionFromType: Register extension with identifier data 'logger://Microsoft/TestPlatform/Extensions/Blame/v1' and type 'Microsoft.TestPlatform.Extensions.BlameDataCollector.BlameLogger, Microsoft.TestPlatform.Extensions.BlameDataCollector, Version=15.0.0.0, Culture=neutral, PublicKeyToken=b03f5f7f11d50a3a' inside file 'C:\Program Files\dotnet\sdk\8.0.101\Extensions\Microsoft.TestPlatform.Extensions.BlameDataCollector.dll'
TpTrace Verbose: 0 : 9368, 1, 2024/06/18, 23:36:35.127, 31622328525250, vstest.console.dll, MetadataReaderExtensionsHelper: Discovering extensions inside assembly 'Microsoft.TestPlatform.Extensions.EventLogCollector, Version=15.0.0.0, Culture=neutral, PublicKeyToken=b03f5f7f11d50a3a' file path 'C:\Program Files\dotnet\sdk\8.0.101\Extensions\Microsoft.TestPlatform.Extensions.EventLogCollector.dll'
TpTrace Verbose: 0 : 9368, 1, 2024/06/18, 23:36:35.128, 31622328534923, vstest.console.dll, MetadataReaderExtensionsHelper: Discovering extensions inside assembly 'Microsoft.TestPlatform.TestHostRuntimeProvider, Version=15.0.0.0, Culture=neutral, PublicKeyToken=b03f5f7f11d50a3a' file path 'C:\Program Files\dotnet\sdk\8.0.101\Extensions\Microsoft.TestPlatform.TestHostRuntimeProvider.dll'
TpTrace Verbose: 0 : 9368, 1, 2024/06/18, 23:36:35.130, 31622328545660, vstest.console.dll, MetadataReaderExtensionsHelper: Discovering extensions inside assembly 'Microsoft.VisualStudio.TestPlatform.Extensions.Html.TestLogger, Version=15.0.0.0, Culture=neutral, PublicKeyToken=b03f5f7f11d50a3a' file path 'C:\Program Files\dotnet\sdk\8.0.101\Extensions\Microsoft.VisualStudio.TestPlatform.Extensions.Html.TestLogger.dll'
TpTrace Information: 0 : 9368, 1, 2024/06/18, 23:36:35.131, 31622328556676, vstest.console.dll, GetTestExtensionFromType: Register extension with identifier data 'logger://Microsoft/TestPlatform/HtmlLogger/v1' and type 'Microsoft.VisualStudio.TestPlatform.Extensions.HtmlLogger.HtmlLogger, Microsoft.VisualStudio.TestPlatform.Extensions.Html.TestLogger, Version=15.0.0.0, Culture=neutral, PublicKeyToken=b03f5f7f11d50a3a' inside file 'C:\Program Files\dotnet\sdk\8.0.101\Extensions\Microsoft.VisualStudio.TestPlatform.Extensions.Html.TestLogger.dll'
TpTrace Verbose: 0 : 9368, 1, 2024/06/18, 23:36:35.131, 31622328557663, vstest.console.dll, MetadataReaderExtensionsHelper: Discovering extensions inside assembly 'Microsoft.VisualStudio.TestPlatform.Extensions.Trx.TestLogger, Version=15.0.0.0, Culture=neutral, PublicKeyToken=b03f5f7f11d50a3a' file path 'C:\Program Files\dotnet\sdk\8.0.101\Extensions\Microsoft.VisualStudio.TestPlatform.Extensions.Trx.TestLogger.dll'
TpTrace Information: 0 : 9368, 1, 2024/06/18, 23:36:35.132, 31622328566793, vstest.console.dll, GetTestExtensionFromType: Register extension with identifier data 'logger://Microsoft/TestPlatform/TrxLogger/v1' and type 'Microsoft.VisualStudio.TestPlatform.Extensions.TrxLogger.TrxLogger, Microsoft.VisualStudio.TestPlatform.Extensions.Trx.TestLogger, Version=15.0.0.0, Culture=neutral, PublicKeyToken=b03f5f7f11d50a3a' inside file 'C:\Program Files\dotnet\sdk\8.0.101\Extensions\Microsoft.VisualStudio.TestPlatform.Extensions.Trx.TestLogger.dll'
TpTrace Verbose: 0 : 9368, 1, 2024/06/18, 23:36:35.132, 31622328567704, vstest.console.dll, TestPluginCache: Discovered the extensions using extension path ''.
TpTrace Verbose: 0 : 9368, 1, 2024/06/18, 23:36:35.132, 31622328567969, vstest.console.dll, TestPluginCache: Discoverers are ''.
TpTrace Verbose: 0 : 9368, 1, 2024/06/18, 23:36:35.132, 31622328568184, vstest.console.dll, TestPluginCache: Executors are ''.
TpTrace Verbose: 0 : 9368, 1, 2024/06/18, 23:36:35.132, 31622328568392, vstest.console.dll, TestPluginCache: Executors2 are ''.
TpTrace Verbose: 0 : 9368, 1, 2024/06/18, 23:36:35.132, 31622328568603, vstest.console.dll, TestPluginCache: Setting providers are ''.
TpTrace Verbose: 0 : 9368, 1, 2024/06/18, 23:36:35.132, 31622328569203, vstest.console.dll, TestPluginCache: Loggers are 'logger://Microsoft/TestPlatform/Extensions/Blame/v1,logger://Microsoft/TestPlatform/HtmlLogger/v1,logger://Microsoft/TestPlatform/TrxLogger/v1'.
TpTrace Verbose: 0 : 9368, 1, 2024/06/18, 23:36:35.132, 31622328569536, vstest.console.dll, TestPluginCache: TestHosts are 'HostProvider://DefaultTestHost,HostProvider://DotnetTestHost'.
TpTrace Verbose: 0 : 9368, 1, 2024/06/18, 23:36:35.132, 31622328569762, vstest.console.dll, TestPluginCache: DataCollectors are ''.
TpTrace Information: 0 : 9368, 1, 2024/06/18, 23:36:35.133, 31622328576770, vstest.console.dll, TestPluginManager.CreateTestExtension: Attempting to load test extension: Microsoft.TestPlatform.Extensions.BlameDataCollector.BlameLogger
TpTrace Verbose: 0 : 9368, 1, 2024/06/18, 23:36:35.141, 31622328660118, vstest.console.dll, TestEngine: Initializing Parallel Execution as MaxCpuCount is set to: 1
TpTrace Information: 0 : 9368, 1, 2024/06/18, 23:36:35.142, 31622328675059, vstest.console.dll, TestPluginManager.CreateTestExtension: Attempting to load test extension: Microsoft.VisualStudio.TestPlatform.CrossPlatEngine.Hosting.DefaultTestHostManager
TpTrace Information: 0 : 9368, 1, 2024/06/18, 23:36:35.146, 31622328706173, vstest.console.dll, TestPluginManager.CreateTestExtension: Attempting to load test extension: Microsoft.VisualStudio.TestPlatform.CrossPlatEngine.Hosting.DotnetTestHostManager
TpTrace Information: 0 : 9368, 1, 2024/06/18, 23:36:35.146, 31622328711571, vstest.console.dll, InferRunSettingsHelper.IsTestSettingsEnabled: Unable to navigate to RunSettings/MSTest. Current node: RunSettings
TpTrace Verbose: 0 : 9368, 1, 2024/06/18, 23:36:35.147, 31622328719639, vstest.console.dll, ParallelOperationManager.ClearSlots: Clearing all slots. Slots should accept more work: True
TpTrace Verbose: 0 : 9368, 1, 2024/06/18, 23:36:35.147, 31622328724490, vstest.console.dll, ParallelOperationManager.SetOccupiedSlotCount: Setting slot counts AvailableSlotCount = 1, OccupiedSlotCount = 0.
TpTrace Verbose: 0 : 9368, 1, 2024/06/18, 23:36:35.148, 31622328727363, vstest.console.dll, Occupied slots:

TpTrace Verbose: 0 : 9368, 1, 2024/06/18, 23:36:35.150, 31622328751924, vstest.console.dll, TestEngine.GetExecutionManager: Chosen execution manager 'Microsoft.VisualStudio.TestPlatform.CrossPlatEngine.Client.Parallel.ParallelProxyExecutionManager, Microsoft.TestPlatform.CrossPlatEngine, Version=15.0.0.0, Culture=neutral, PublicKeyToken=b03f5f7f11d50a3a' ParallelLevel '1'.
TpTrace Verbose: 0 : 9368, 1, 2024/06/18, 23:36:35.150, 31622328753154, vstest.console.dll, TestRunRequest.ExecuteAsync: Creating test run request.
TpTrace Verbose: 0 : 9368, 1, 2024/06/18, 23:36:35.150, 31622328754839, vstest.console.dll, TestRunRequest.ExecuteAsync: Starting.
TpTrace Information: 0 : 9368, 1, 2024/06/18, 23:36:35.151, 31622328763392, vstest.console.dll, TestRunRequest.ExecuteAsync: Starting run with settings:TestRunCriteria:
   KeepAlive=False,FrequencyOfRunStatsChangeEvent=10,RunStatsChangeEventTimeout=00:00:01.5000000,TestCaseFilter=,TestExecutorLauncher=
   Settingsxml=<RunSettings>
  <RunConfiguration>
    <ResultsDirectory>C:\Users\rpsoares3\Documents\Nova pasta\Questao5.Tests\bin\Debug\net6.0\fine-code-coverage\coverage-tool-output</ResultsDirectory>
    <TargetPlatform>X64</TargetPlatform>
    <TargetFrameworkVersion>.NETCoreApp,Version=v6.0</TargetFrameworkVersion>
    <DesignMode>False</DesignMode>
    <CollectSourceInformation>False</CollectSourceInformation>
  </RunConfiguration>
  <LoggerRunSettings>
    <Loggers>
      <Logger friendlyName="blame" enabled="True" />
      <Logger friendlyName="Console" uri="logger://microsoft/TestPlatform/ConsoleLogger/v1" assemblyQualifiedName="Microsoft.VisualStudio.TestPlatform.CommandLine.Internal.ConsoleLogger, vstest.console, Version=15.0.0.0, Culture=neutral, PublicKeyToken=b03f5f7f11d50a3a" codeBase="C:\Program Files\dotnet\sdk\8.0.101\vstest.console.dll" enabled="True" />
    </Loggers>
  </LoggerRunSettings>
  <DataCollectionRunSettings>
    <DataCollectors>
      <DataCollector friendlyName="blame" enabled="True">
        <Configuration>
          <ResultsDirectory>C:\Users\rpsoares3\Documents\Nova pasta\Questao5.Tests\bin\Debug\net6.0\fine-code-coverage\coverage-tool-output</ResultsDirectory>
        </Configuration>
      </DataCollector>
    </DataCollectors>
  </DataCollectionRunSettings>
</RunSettings>

TpTrace Verbose: 0 : 9368, 1, 2024/06/18, 23:36:35.151, 31622328763974, vstest.console.dll, TestRunRequest.ExecuteAsync: Wait for the first run request is over.
TpTrace Verbose: 0 : 9368, 1, 2024/06/18, 23:36:35.152, 31622328766321, vstest.console.dll, MulticastDelegateUtilities.SafeInvoke: TestRun.TestRunStart: Invoking callbacks was skipped because there are no subscribers.
TpTrace Verbose: 0 : 9368, 4, 2024/06/18, 23:36:35.152, 31622328767962, vstest.console.dll, MulticastDelegateUtilities.SafeInvoke: InternalTestLoggerEvents.SendTestRunStart: Invoking callback 1/1 for Microsoft.VisualStudio.TestPlatform.CommandLine.Internal.ConsoleLogger., took 0 ms.
TpTrace Verbose: 0 : 9368, 1, 2024/06/18, 23:36:35.152, 31622328773861, vstest.console.dll, ParallelProxyExecutionManager: Start execution. Total sources: 1
TpTrace Verbose: 0 : 9368, 1, 2024/06/18, 23:36:35.153, 31622328776667, vstest.console.dll, ParallelOperationManager.StartWork: Starting adding 1 workloads.
TpTrace Verbose: 0 : 9368, 1, 2024/06/18, 23:36:35.153, 31622328777252, vstest.console.dll, ParallelOperationManager.ClearSlots: Clearing all slots. Slots should accept more work: True
TpTrace Verbose: 0 : 9368, 1, 2024/06/18, 23:36:35.153, 31622328777840, vstest.console.dll, ParallelOperationManager.SetOccupiedSlotCount: Setting slot counts AvailableSlotCount = 1, OccupiedSlotCount = 0.
TpTrace Verbose: 0 : 9368, 1, 2024/06/18, 23:36:35.153, 31622328778147, vstest.console.dll, Occupied slots:

TpTrace Verbose: 0 : 9368, 1, 2024/06/18, 23:36:35.154, 31622328788683, vstest.console.dll, TestRequestSender is acting as server.
TpTrace Verbose: 0 : 9368, 1, 2024/06/18, 23:36:35.155, 31622328800478, vstest.console.dll, ParallelOperationManager.RunWorkInParallel: Adding 1 workload to slot, remaining workloads 0.
TpTrace Verbose: 0 : 9368, 1, 2024/06/18, 23:36:35.155, 31622328801065, vstest.console.dll, ParallelOperationManager.SetOccupiedSlotCount: Setting slot counts AvailableSlotCount = 0, OccupiedSlotCount = 1.
TpTrace Verbose: 0 : 9368, 1, 2024/06/18, 23:36:35.155, 31622328801869, vstest.console.dll, Occupied slots:
0: C:\Users\rpsoares3\Documents\Nova pasta\Questao5.Tests\bin\Debug\net6.0\fine-code-coverage\build-output\Questao5.Tests.dll
TpTrace Verbose: 0 : 9368, 1, 2024/06/18, 23:36:35.156, 31622328809597, vstest.console.dll, ParallelOperationManager.RunWorkInParallel: Started host in slot number 0 for work (source): C:\Users\rpsoares3\Documents\Nova pasta\Questao5.Tests\bin\Debug\net6.0\fine-code-coverage\build-output\Questao5.Tests.dll.
TpTrace Verbose: 0 : 9368, 1, 2024/06/18, 23:36:35.157, 31622328818728, vstest.console.dll, ParallelOperationManager.RunWorkInParallel: We started 1 work items, which is the max parallel level. Won't start more work.
TpTrace Verbose: 0 : 9368, 1, 2024/06/18, 23:36:35.157, 31622328819966, vstest.console.dll, ParallelOperationManager.RunWorkInParallel: We started 1 work items in here, returning True.
TpTrace Information: 0 : 9368, 1, 2024/06/18, 23:36:35.157, 31622328820890, vstest.console.dll, TestRunRequest.ExecuteAsync: Started.
TpTrace Verbose: 0 : 9368, 5, 2024/06/18, 23:36:35.157, 31622328821069, vstest.console.dll, ParallelProxyExecutionManager.StartTestRunOnConcurrentManager: Initializing uninitialized client. Started clients: 0
TpTrace Verbose: 0 : 9368, 5, 2024/06/18, 23:36:35.157, 31622328822747, vstest.console.dll, DataCollectionRequestSender.InitializeCommunication : Initialize communication. 
TpTrace Verbose: 0 : 9368, 1, 2024/06/18, 23:36:35.158, 31622328828805, vstest.console.dll, TestRunRequest.WaitForCompletion: Waiting with timeout -1.
TpTrace Information: 0 : 9368, 5, 2024/06/18, 23:36:35.168, 31622328925821, vstest.console.dll, Listening on Endpoint : 127.0.0.1:62324
TpTrace Verbose: 0 : 9368, 5, 2024/06/18, 23:36:35.175, 31622328996403, vstest.console.dll, DotnetDataCollectionLauncher: Adding  --runtimeconfig "C:\Program Files\dotnet\sdk\8.0.101\datacollector.runtimeconfig.json" in args
TpTrace Verbose: 0 : 9368, 5, 2024/06/18, 23:36:35.175, 31622328998266, vstest.console.dll, DotnetDataCollectionLauncher: Adding  --depsfile "C:\Program Files\dotnet\sdk\8.0.101\datacollector.deps.json" in args
TpTrace Verbose: 0 : 9368, 5, 2024/06/18, 23:36:35.175, 31622329003893, vstest.console.dll, DotnetDataCollectionLauncher: Full path of dotnet.exe is C:\Program Files\dotnet\dotnet.exe
TpTrace Information: 0 : 9368, 5, 2024/06/18, 23:36:35.186, 31622329114499, vstest.console.dll, ProxyDataCollectionManager.Initialize: Launched datacollector processId: 18616 port: 62324
TpTrace Information: 0 : 9368, 5, 2024/06/18, 23:36:35.187, 31622329116724, vstest.console.dll, ProxyDataCollectionManager.Initialize: waiting for connection with timeout: 90 seconds
TpTrace Verbose: 0 : 9368, 5, 2024/06/18, 23:36:35.187, 31622329117357, vstest.console.dll, DataCollectionRequestSender.WaitForRequestHandlerConnection : Waiting for connection with timeout: 90000
TpTrace Verbose: 0 : 9368, 5, 2024/06/18, 23:36:35.533, 31622332580541, vstest.console.dll, SocketCommunicationManager.WaitForClientConnection took: 346 ms, with 90000 ms timeout, and finished with True.
TpTrace Information: 0 : 9368, 7, 2024/06/18, 23:36:35.533, 31622332580417, vstest.console.dll, Using the buffer size of 16384 bytes
TpTrace Verbose: 0 : 9368, 5, 2024/06/18, 23:36:35.533, 31622332583019, vstest.console.dll, ProxyDataCollectionManager.InvokeDataCollectionServiceAction: Starting.
TpTrace Information: 0 : 9368, 7, 2024/06/18, 23:36:35.533, 31622332583621, vstest.console.dll, Accepted Client request and set the flag
TpTrace Information: 0 : 9368, 5, 2024/06/18, 23:36:35.533, 31622332584625, vstest.console.dll, ProxyDataCollectionManager.BeforeTestRunStart: Get environment variable and port for datacollector processId: 18616 port: 62324
TpTrace Verbose: 0 : 9368, 5, 2024/06/18, 23:36:35.534, 31622332586251, vstest.console.dll, DataCollectionRequestSender.SendBeforeTestRunStartAndGetResult: Send BeforeTestRunStart message with settingsXml <RunSettings><RunConfiguration><ResultsDirectory>C:\Users\rpsoares3\Documents\Nova pasta\Questao5.Tests\bin\Debug\net6.0\fine-code-coverage\coverage-tool-output</ResultsDirectory><TargetPlatform>X64</TargetPlatform><TargetFrameworkVersion>.NETCoreApp,Version=v6.0</TargetFrameworkVersion><DesignMode>False</DesignMode><CollectSourceInformation>False</CollectSourceInformation><TestAdaptersPaths>C:\Program Files\dotnet\sdk\8.0.101\Extensions</TestAdaptersPaths></RunConfiguration><LoggerRunSettings><Loggers><Logger friendlyName="blame" enabled="True" /><Logger friendlyName="Console" uri="logger://microsoft/TestPlatform/ConsoleLogger/v1" assemblyQualifiedName="Microsoft.VisualStudio.TestPlatform.CommandLine.Internal.ConsoleLogger, vstest.console, Version=15.0.0.0, Culture=neutral, PublicKeyToken=b03f5f7f11d50a3a" codeBase="C:\Program Files\dotnet\sdk\8.0.101\vstest.console.dll" enabled="True" /></Loggers></LoggerRunSettings><DataCollectionRunSettings><DataCollectors><DataCollector friendlyName="blame" enabled="True"><Configuration><ResultsDirectory>C:\Users\rpsoares3\Documents\Nova pasta\Questao5.Tests\bin\Debug\net6.0\fine-code-coverage\coverage-tool-output</ResultsDirectory></Configuration></DataCollector></DataCollectors></DataCollectionRunSettings></RunSettings> and sources System.Collections.Generic.List`1[System.String]: 
TpTrace Verbose: 0 : 9368, 5, 2024/06/18, 23:36:35.613, 31622333382578, vstest.console.dll, DataCollectionRequestSender.SendBeforeTestRunStartAndGetResult: Received message: (DataCollection.SendMessage) -> {"MessageType":"DataCollection.SendMessage","Payload":{"FriendlyName":null,"Uri":null,"TestCaseId":"00000000-0000-0000-0000-000000000000","Message":"Logging DataCollector Diagnostics in file: C:\\Users\\rpsoares3\\Documents\\Nova pasta\\Questao5.Tests\\bin\\Debug\\net6.0\\fine-code-coverage\\coverage-tool-output\\diagnostics.datacollector.24-06-18_23-36-35_17477_5.log","Level":0}}
TpTrace Verbose: 0 : 9368, 5, 2024/06/18, 23:36:35.707, 31622334320509, vstest.console.dll, DataCollectionRequestSender.SendBeforeTestRunStartAndGetResult: Received message: (DataCollection.BeforeTestRunStartResult) -> {"MessageType":"DataCollection.BeforeTestRunStartResult","Payload":{"EnvironmentVariables":{},"DataCollectionEventsPort":62328}}
TpTrace Information: 0 : 9368, 5, 2024/06/18, 23:36:35.711, 31622334355949, vstest.console.dll, ProxyDataCollectionManager.BeforeTestRunStart: SendBeforeTestRunStartAndGetResult successful, env variable from datacollector:   and testhost port: 62328
TpTrace Information: 0 : 9368, 5, 2024/06/18, 23:36:35.711, 31622334359055, vstest.console.dll, ProxyDataCollectionManager.InvokeDataCollectionServiceAction: Completed.
TpTrace Verbose: 0 : 9368, 5, 2024/06/18, 23:36:35.711, 31622334359997, vstest.console.dll, ParallelProxyExecutionManager.StartTestRunOnConcurrentManager: Initializing test run. Started clients: 0
TpTrace Verbose: 0 : 9368, 5, 2024/06/18, 23:36:35.711, 31622334360913, vstest.console.dll, ProxyExecutionManager: Test host is always Lazy initialize.
TpTrace Verbose: 0 : 9368, 5, 2024/06/18, 23:36:35.711, 31622334362707, vstest.console.dll, TestRequestSender.InitializeCommunication: initialize communication. 
TpTrace Information: 0 : 9368, 5, 2024/06/18, 23:36:35.712, 31622334366693, vstest.console.dll, SocketServer.Start: Listening on endpoint : 127.0.0.1:62329
TpTrace Verbose: 0 : 9368, 5, 2024/06/18, 23:36:35.712, 31622334373104, vstest.console.dll, DotnetTestHostmanager.GetTestHostProcessStartInfo: Platform environment 'X64' target architecture 'X64' framework '.NETCoreApp,Version=v6.0' OS 'Windows'
TpTrace Verbose: 0 : 9368, 5, 2024/06/18, 23:36:35.713, 31622334375669, vstest.console.dll, DotnetTestHostmanager: Adding  --runtimeconfig "C:\Users\rpsoares3\Documents\Nova pasta\Questao5.Tests\bin\Debug\net6.0\fine-code-coverage\build-output\Questao5.Tests.runtimeconfig.json" in args
TpTrace Verbose: 0 : 9368, 5, 2024/06/18, 23:36:35.713, 31622334376605, vstest.console.dll, DotnetTestHostmanager: Adding  --depsfile "C:\Users\rpsoares3\Documents\Nova pasta\Questao5.Tests\bin\Debug\net6.0\fine-code-coverage\build-output\Questao5.Tests.deps.json" in args
TpTrace Verbose: 0 : 9368, 5, 2024/06/18, 23:36:35.713, 31622334378496, vstest.console.dll, DotnetTestHostmanager.IsWinOnArm: Current PROCESSOR_ARCHITECTURE from environment variable 'AMD64'
TpTrace Verbose: 0 : 9368, 5, 2024/06/18, 23:36:35.713, 31622334379029, vstest.console.dll, DotnetTestHostmanager.IsWinOnArm: Is Windows on ARM 'False'
TpTrace Verbose: 0 : 9368, 5, 2024/06/18, 23:36:35.713, 31622334379972, vstest.console.dll, DotnetTestHostManager: testhost.exe found at path: C:\Users\rpsoares3\Documents\Nova pasta\Questao5.Tests\bin\Debug\net6.0\fine-code-coverage\build-output\testhost.exe
TpTrace Verbose: 0 : 9368, 5, 2024/06/18, 23:36:35.713, 31622334380333, vstest.console.dll, DotnetTestHostmanager: Full path of host exe is C:\Users\rpsoares3\Documents\Nova pasta\Questao5.Tests\bin\Debug\net6.0\fine-code-coverage\build-output\testhost.exe
TpTrace Verbose: 0 : 9368, 5, 2024/06/18, 23:36:35.713, 31622334381483, vstest.console.dll, DotnetTestHostmanager.LaunchTestHostAsync: Found 'VSTEST_WINAPPHOST_DOTNET_ROOT' in env variables, value 'C:\Program Files\dotnet', forwarding to 'DOTNET_ROOT'
TpTrace Verbose: 0 : 9368, 5, 2024/06/18, 23:36:35.713, 31622334382779, vstest.console.dll, DotnetTestHostManager: Starting process 'C:\Users\rpsoares3\Documents\Nova pasta\Questao5.Tests\bin\Debug\net6.0\fine-code-coverage\build-output\testhost.exe' with command line ' --runtimeconfig "C:\Users\rpsoares3\Documents\Nova pasta\Questao5.Tests\bin\Debug\net6.0\fine-code-coverage\build-output\Questao5.Tests.runtimeconfig.json" --depsfile "C:\Users\rpsoares3\Documents\Nova pasta\Questao5.Tests\bin\Debug\net6.0\fine-code-coverage\build-output\Questao5.Tests.deps.json" --port 62329 --endpoint 127.0.0.1:062329 --role client --parentprocessid 9368 --diag "C:\Users\rpsoares3\Documents\Nova pasta\Questao5.Tests\bin\Debug\net6.0\fine-code-coverage\coverage-tool-output\diagnostics.host.24-06-18_23-36-35_71244_5.log" --tracelevel 4 --datacollectionport 62328 --telemetryoptedin false'
TpTrace Verbose: 0 : 9368, 5, 2024/06/18, 23:36:35.729, 31622334537104, vstest.console.dll, MulticastDelegateUtilities.SafeInvoke: HostProviderEvents.OnHostLaunched: Invoking callback 1/2 for Microsoft.VisualStudio.TestPlatform.CrossPlatEngine.Client.ProxyExecutionManagerWithDataCollection., took 1 ms.
TpTrace Verbose: 0 : 9368, 5, 2024/06/18, 23:36:35.729, 31622334541529, vstest.console.dll, Test Runtime launched
TpTrace Verbose: 0 : 9368, 5, 2024/06/18, 23:36:35.729, 31622334542472, vstest.console.dll, MulticastDelegateUtilities.SafeInvoke: HostProviderEvents.OnHostLaunched: Invoking callback 2/2 for Microsoft.VisualStudio.TestPlatform.CrossPlatEngine.Client.ProxyOperationManager., took 0 ms.
TpTrace Verbose: 0 : 9368, 5, 2024/06/18, 23:36:35.729, 31622334544551, vstest.console.dll, TestRequestSender.WaitForRequestHandlerConnection: waiting for connection with timeout: 90000.
TpTrace Verbose: 0 : 9368, 5, 2024/06/18, 23:36:36.130, 31622338555130, vstest.console.dll, TestRequestSender.WaitForRequestHandlerConnection: waiting took 401 ms, with timeout 90000 ms, and result 0, which is success.
TpTrace Verbose: 0 : 9368, 12, 2024/06/18, 23:36:36.130, 31622338555116, vstest.console.dll, MulticastDelegateUtilities.SafeInvoke: SocketServer: ClientConnected: Invoking callback 1/1 for Microsoft.VisualStudio.TestPlatform.CommunicationUtilities.TestRequestSender., took 0 ms.
TpTrace Verbose: 0 : 9368, 12, 2024/06/18, 23:36:36.131, 31622338558451, vstest.console.dll, SocketServer.OnClientConnected: Client connected for endPoint: 127.0.0.1:62329, starting MessageLoopAsync:
TpTrace Verbose: 0 : 9368, 7, 2024/06/18, 23:36:36.131, 31622338564403, vstest.console.dll, TcpClientExtensions.MessageLoopAsync: Polling on remoteEndPoint: 127.0.0.1:62330 localEndPoint: 127.0.0.1:62329
TpTrace Verbose: 0 : 9368, 5, 2024/06/18, 23:36:36.136, 31622338607057, vstest.console.dll, TestRequestSender.CheckVersionWithTestHost: Sending check version message: {"MessageType":"ProtocolVersion","Payload":7}
TpTrace Verbose: 0 : 9368, 7, 2024/06/18, 23:36:36.319, 31622340438828, vstest.console.dll, TcpClientExtensions.MessageLoopAsync: NotifyDataAvailable remoteEndPoint: 127.0.0.1:62330 localEndPoint: 127.0.0.1:62329
TpTrace Verbose: 0 : 9368, 7, 2024/06/18, 23:36:36.319, 31622340442532, vstest.console.dll, TestRequestSender.CheckVersionWithTestHost: onMessageReceived received message: (ProtocolVersion) -> {"MessageType":"ProtocolVersion","Payload":7}
TpTrace Verbose: 0 : 9368, 7, 2024/06/18, 23:36:36.320, 31622340449821, vstest.console.dll, MulticastDelegateUtilities.SafeInvoke: LengthPrefixCommunicationChannel: MessageReceived: Invoking callback 1/1 for Microsoft.VisualStudio.TestPlatform.CommunicationUtilities.TestRequestSender+<>c__DisplayClass29_0., took 0 ms.
TpTrace Verbose: 0 : 9368, 7, 2024/06/18, 23:36:36.320, 31622340451208, vstest.console.dll, TcpClientExtensions.MessageLoopAsync: Polling on remoteEndPoint: 127.0.0.1:62330 localEndPoint: 127.0.0.1:62329
TpTrace Verbose: 0 : 9368, 5, 2024/06/18, 23:36:36.320, 31622340451664, vstest.console.dll, TestPluginCache.GetExtensionPaths: Filtered extension paths: 
TpTrace Verbose: 0 : 9368, 5, 2024/06/18, 23:36:36.320, 31622340452573, vstest.console.dll, TestPluginCache.GetExtensionPaths: Added default extension paths: C:\Program Files\dotnet\sdk\8.0.101\Extensions\Microsoft.Diagnostics.NETCore.Client.dll
C:\Program Files\dotnet\sdk\8.0.101\Extensions\Microsoft.TestPlatform.Extensions.BlameDataCollector.dll
C:\Program Files\dotnet\sdk\8.0.101\Extensions\Microsoft.TestPlatform.Extensions.EventLogCollector.dll
C:\Program Files\dotnet\sdk\8.0.101\Extensions\Microsoft.TestPlatform.TestHostRuntimeProvider.dll
C:\Program Files\dotnet\sdk\8.0.101\Extensions\Microsoft.VisualStudio.TestPlatform.Extensions.Html.TestLogger.dll
C:\Program Files\dotnet\sdk\8.0.101\Extensions\Microsoft.VisualStudio.TestPlatform.Extensions.Trx.TestLogger.dll
TpTrace Verbose: 0 : 9368, 5, 2024/06/18, 23:36:36.320, 31622340452992, vstest.console.dll, TestPluginCache.GetExtensionPaths: Added unfilterableExtensionPaths: 
TpTrace Verbose: 0 : 9368, 5, 2024/06/18, 23:36:36.324, 31622340490709, vstest.console.dll, TestRequestSender.InitializeExecution: Sending initialize execution with message: {"Version":7,"MessageType":"TestExecution.Initialize","Payload":["C:\\Users\\rpsoares3\\Documents\\Nova pasta\\Questao5.Tests\\bin\\Debug\\net6.0\\fine-code-coverage\\build-output\\xunit.runner.visualstudio.dotnetcore.testadapter.dll"]}
TpTrace Verbose: 0 : 9368, 5, 2024/06/18, 23:36:36.324, 31622340493794, vstest.console.dll, ParallelProxyExecutionManager.StartTestRunOnConcurrentManager: Execution starting. Started clients: 1
TpTrace Verbose: 0 : 9368, 5, 2024/06/18, 23:36:36.325, 31622340496396, vstest.console.dll, TestRunRequest:SendTestRunMessage: Starting.
TpTrace Verbose: 0 : 9368, 5, 2024/06/18, 23:36:36.325, 31622340498260, vstest.console.dll, MulticastDelegateUtilities.SafeInvoke: TestRun.LogMessages: Invoking callback 1/1 for Microsoft.VisualStudio.TestPlatform.CommandLine.TestRunResultAggregator., took 0 ms.
TpTrace Information: 0 : 9368, 5, 2024/06/18, 23:36:36.325, 31622340498998, vstest.console.dll, TestRunRequest:SendTestRunMessage: Completed.
TpTrace Verbose: 0 : 9368, 7, 2024/06/18, 23:36:36.325, 31622340498392, vstest.console.dll, TcpClientExtensions.MessageLoopAsync: NotifyDataAvailable remoteEndPoint: 127.0.0.1:62330 localEndPoint: 127.0.0.1:62329
TpTrace Verbose: 0 : 9368, 7, 2024/06/18, 23:36:36.325, 31622340500513, vstest.console.dll, LengthPrefixCommunicationChannel.NotifyDataAvailable: New data are waiting to be received, but there is no subscriber to be notified. Not reading them from the stream.
TpTrace Verbose: 0 : 9368, 4, 2024/06/18, 23:36:36.325, 31622340500525, vstest.console.dll, MulticastDelegateUtilities.SafeInvoke: InternalTestLoggerEvents.SendTestRunMessage: Invoking callback 1/1 for Microsoft.VisualStudio.TestPlatform.CommandLine.Internal.ConsoleLogger., took 0 ms.
TpTrace Verbose: 0 : 9368, 7, 2024/06/18, 23:36:36.325, 31622340501255, vstest.console.dll, TcpClientExtensions.MessageLoopAsync: Polling on remoteEndPoint: 127.0.0.1:62330 localEndPoint: 127.0.0.1:62329
TpTrace Verbose: 0 : 9368, 7, 2024/06/18, 23:36:36.325, 31622340502742, vstest.console.dll, TcpClientExtensions.MessageLoopAsync: NotifyDataAvailable remoteEndPoint: 127.0.0.1:62330 localEndPoint: 127.0.0.1:62329
TpTrace Verbose: 0 : 9368, 7, 2024/06/18, 23:36:36.325, 31622340503118, vstest.console.dll, LengthPrefixCommunicationChannel.NotifyDataAvailable: New data are waiting to be received, but there is no subscriber to be notified. Not reading them from the stream.
TpTrace Verbose: 0 : 9368, 7, 2024/06/18, 23:36:36.325, 31622340503421, vstest.console.dll, TcpClientExtensions.MessageLoopAsync: Polling on remoteEndPoint: 127.0.0.1:62330 localEndPoint: 127.0.0.1:62329
TpTrace Verbose: 0 : 9368, 7, 2024/06/18, 23:36:36.325, 31622340503705, vstest.console.dll, TcpClientExtensions.MessageLoopAsync: NotifyDataAvailable remoteEndPoint: 127.0.0.1:62330 localEndPoint: 127.0.0.1:62329
TpTrace Verbose: 0 : 9368, 7, 2024/06/18, 23:36:36.325, 31622340503972, vstest.console.dll, LengthPrefixCommunicationChannel.NotifyDataAvailable: New data are waiting to be received, but there is no subscriber to be notified. Not reading them from the stream.
TpTrace Verbose: 0 : 9368, 7, 2024/06/18, 23:36:36.325, 31622340504279, vstest.console.dll, TcpClientExtensions.MessageLoopAsync: Polling on remoteEndPoint: 127.0.0.1:62330 localEndPoint: 127.0.0.1:62329
TpTrace Verbose: 0 : 9368, 7, 2024/06/18, 23:36:36.325, 31622340504553, vstest.console.dll, TcpClientExtensions.MessageLoopAsync: NotifyDataAvailable remoteEndPoint: 127.0.0.1:62330 localEndPoint: 127.0.0.1:62329
TpTrace Verbose: 0 : 9368, 7, 2024/06/18, 23:36:36.325, 31622340504897, vstest.console.dll, LengthPrefixCommunicationChannel.NotifyDataAvailable: New data are waiting to be received, but there is no subscriber to be notified. Not reading them from the stream.
TpTrace Warning: 0 : 9368, 5, 2024/06/18, 23:36:36.325, 31622340504630, vstest.console.dll, InferRunSettingsHelper.MakeRunsettingsCompatible: Removing the following settings: TargetPlatform from RunSettings file. To use those settings please move to latest version of Microsoft.NET.Test.Sdk
TpTrace Verbose: 0 : 9368, 7, 2024/06/18, 23:36:36.325, 31622340505313, vstest.console.dll, TcpClientExtensions.MessageLoopAsync: Polling on remoteEndPoint: 127.0.0.1:62330 localEndPoint: 127.0.0.1:62329
TpTrace Verbose: 0 : 9368, 7, 2024/06/18, 23:36:36.326, 31622340506958, vstest.console.dll, TcpClientExtensions.MessageLoopAsync: NotifyDataAvailable remoteEndPoint: 127.0.0.1:62330 localEndPoint: 127.0.0.1:62329
TpTrace Verbose: 0 : 9368, 7, 2024/06/18, 23:36:36.326, 31622340507364, vstest.console.dll, LengthPrefixCommunicationChannel.NotifyDataAvailable: New data are waiting to be received, but there is no subscriber to be notified. Not reading them from the stream.
TpTrace Verbose: 0 : 9368, 7, 2024/06/18, 23:36:36.326, 31622340507650, vstest.console.dll, TcpClientExtensions.MessageLoopAsync: Polling on remoteEndPoint: 127.0.0.1:62330 localEndPoint: 127.0.0.1:62329
TpTrace Verbose: 0 : 9368, 7, 2024/06/18, 23:36:36.326, 31622340507936, vstest.console.dll, TcpClientExtensions.MessageLoopAsync: NotifyDataAvailable remoteEndPoint: 127.0.0.1:62330 localEndPoint: 127.0.0.1:62329
TpTrace Verbose: 0 : 9368, 7, 2024/06/18, 23:36:36.326, 31622340508190, vstest.console.dll, LengthPrefixCommunicationChannel.NotifyDataAvailable: New data are waiting to be received, but there is no subscriber to be notified. Not reading them from the stream.
TpTrace Verbose: 0 : 9368, 7, 2024/06/18, 23:36:36.326, 31622340508472, vstest.console.dll, TcpClientExtensions.MessageLoopAsync: Polling on remoteEndPoint: 127.0.0.1:62330 localEndPoint: 127.0.0.1:62329
TpTrace Verbose: 0 : 9368, 7, 2024/06/18, 23:36:36.326, 31622340508756, vstest.console.dll, TcpClientExtensions.MessageLoopAsync: NotifyDataAvailable remoteEndPoint: 127.0.0.1:62330 localEndPoint: 127.0.0.1:62329
TpTrace Verbose: 0 : 9368, 7, 2024/06/18, 23:36:36.326, 31622340511552, vstest.console.dll, TestRequestSender.OnExecutionMessageReceived: Received message: {"Version":7,"MessageType":"TestSession.Message","Payload":{"MessageLevel":0,"Message":"Logging TestHost Diagnostics in file: C:\\Users\\rpsoares3\\Documents\\Nova pasta\\Questao5.Tests\\bin\\Debug\\net6.0\\fine-code-coverage\\coverage-tool-output\\diagnostics.host.24-06-18_23-36-35_71244_5.log"}}
TpTrace Verbose: 0 : 9368, 7, 2024/06/18, 23:36:36.329, 31622340539303, vstest.console.dll, TestRunRequest:SendTestRunMessage: Starting.
TpTrace Verbose: 0 : 9368, 7, 2024/06/18, 23:36:36.329, 31622340542077, vstest.console.dll, MulticastDelegateUtilities.SafeInvoke: TestRun.LogMessages: Invoking callback 1/1 for Microsoft.VisualStudio.TestPlatform.CommandLine.TestRunResultAggregator., took 0 ms.
TpTrace Verbose: 0 : 9368, 4, 2024/06/18, 23:36:36.329, 31622340542682, vstest.console.dll, MulticastDelegateUtilities.SafeInvoke: InternalTestLoggerEvents.SendTestRunMessage: Invoking callback 1/1 for Microsoft.VisualStudio.TestPlatform.CommandLine.Internal.ConsoleLogger., took 0 ms.
TpTrace Information: 0 : 9368, 7, 2024/06/18, 23:36:36.329, 31622340542910, vstest.console.dll, TestRunRequest:SendTestRunMessage: Completed.
TpTrace Verbose: 0 : 9368, 7, 2024/06/18, 23:36:36.329, 31622340544418, vstest.console.dll, MulticastDelegateUtilities.SafeInvoke: LengthPrefixCommunicationChannel: MessageReceived: Invoking callback 1/1 for Microsoft.VisualStudio.TestPlatform.CommunicationUtilities.TestRequestSender+<>c__DisplayClass34_0., took 3 ms.
TpTrace Verbose: 0 : 9368, 7, 2024/06/18, 23:36:36.329, 31622340545020, vstest.console.dll, TcpClientExtensions.MessageLoopAsync: Polling on remoteEndPoint: 127.0.0.1:62330 localEndPoint: 127.0.0.1:62329
TpTrace Verbose: 0 : 9368, 5, 2024/06/18, 23:36:36.331, 31622340561988, vstest.console.dll, TestRequestSender.StartTestRun: Sending test run with message: {"Version":7,"MessageType":"TestExecution.StartWithSources","Payload":{"AdapterSourceMap":{"_none_":["C:\\Users\\rpsoares3\\Documents\\Nova pasta\\Questao5.Tests\\bin\\Debug\\net6.0\\fine-code-coverage\\build-output\\Questao5.Tests.dll"]},"RunSettings":"<RunSettings>\r\n  <RunConfiguration>\r\n    <ResultsDirectory>C:\\Users\\rpsoares3\\Documents\\Nova pasta\\Questao5.Tests\\bin\\Debug\\net6.0\\fine-code-coverage\\coverage-tool-output</ResultsDirectory>\r\n    <TargetFrameworkVersion>.NETCoreApp,Version=v6.0</TargetFrameworkVersion>\r\n    <DesignMode>False</DesignMode>\r\n    <CollectSourceInformation>False</CollectSourceInformation>\r\n  </RunConfiguration>\r\n  <LoggerRunSettings>\r\n    <Loggers>\r\n      <Logger friendlyName=\"blame\" enabled=\"True\" />\r\n      <Logger friendlyName=\"Console\" uri=\"logger://microsoft/TestPlatform/ConsoleLogger/v1\" assemblyQualifiedName=\"Microsoft.VisualStudio.TestPlatform.CommandLine.Internal.ConsoleLogger, vstest.console, Version=15.0.0.0, Culture=neutral, PublicKeyToken=b03f5f7f11d50a3a\" codeBase=\"C:\\Program Files\\dotnet\\sdk\\8.0.101\\vstest.console.dll\" enabled=\"True\" />\r\n    </Loggers>\r\n  </LoggerRunSettings>\r\n  <DataCollectionRunSettings>\r\n    <DataCollectors>\r\n      <DataCollector friendlyName=\"blame\" enabled=\"True\">\r\n        <Configuration>\r\n          <ResultsDirectory>C:\\Users\\rpsoares3\\Documents\\Nova pasta\\Questao5.Tests\\bin\\Debug\\net6.0\\fine-code-coverage\\coverage-tool-output</ResultsDirectory>\r\n        </Configuration>\r\n      </DataCollector>\r\n    </DataCollectors>\r\n  </DataCollectionRunSettings>\r\n</RunSettings>","TestExecutionContext":{"FrequencyOfRunStatsChangeEvent":10,"RunStatsChangeEventTimeout":"00:00:01.5000000","InIsolation":false,"KeepAlive":false,"AreTestCaseLevelEventsRequired":false,"IsDebug":false,"TestCaseFilter":null,"FilterOptions":null},"Package":null}}
TpTrace Verbose: 0 : 9368, 5, 2024/06/18, 23:36:36.331, 31622340564747, vstest.console.dll, ParallelProxyExecutionManager.StartTestRunOnConcurrentManager: Execution started. Started clients: 1
TpTrace Verbose: 0 : 9368, 7, 2024/06/18, 23:36:36.578, 31622343032932, vstest.console.dll, TcpClientExtensions.MessageLoopAsync: NotifyDataAvailable remoteEndPoint: 127.0.0.1:62330 localEndPoint: 127.0.0.1:62329
TpTrace Verbose: 0 : 9368, 7, 2024/06/18, 23:36:36.578, 31622343035256, vstest.console.dll, TestRequestSender.OnExecutionMessageReceived: Received message: {"Version":7,"MessageType":"TestSession.Message","Payload":{"MessageLevel":0,"Message":"[xUnit.net 00:00:00.00] xUnit.net VSTest Adapter v2.4.5+1caef2f33e (64-bit .NET 6.0.26)"}}
TpTrace Verbose: 0 : 9368, 7, 2024/06/18, 23:36:36.579, 31622343038611, vstest.console.dll, TestRunRequest:SendTestRunMessage: Starting.
TpTrace Verbose: 0 : 9368, 7, 2024/06/18, 23:36:36.579, 31622343039988, vstest.console.dll, MulticastDelegateUtilities.SafeInvoke: TestRun.LogMessages: Invoking callback 1/1 for Microsoft.VisualStudio.TestPlatform.CommandLine.TestRunResultAggregator., took 0 ms.
TpTrace Verbose: 0 : 9368, 4, 2024/06/18, 23:36:36.579, 31622343040330, vstest.console.dll, MulticastDelegateUtilities.SafeInvoke: InternalTestLoggerEvents.SendTestRunMessage: Invoking callback 1/1 for Microsoft.VisualStudio.TestPlatform.CommandLine.Internal.ConsoleLogger., took 0 ms.
TpTrace Information: 0 : 9368, 7, 2024/06/18, 23:36:36.579, 31622343040500, vstest.console.dll, TestRunRequest:SendTestRunMessage: Completed.
TpTrace Verbose: 0 : 9368, 7, 2024/06/18, 23:36:36.579, 31622343042204, vstest.console.dll, MulticastDelegateUtilities.SafeInvoke: LengthPrefixCommunicationChannel: MessageReceived: Invoking callback 1/1 for Microsoft.VisualStudio.TestPlatform.CommunicationUtilities.TestRequestSender+<>c__DisplayClass34_0., took 0 ms.
TpTrace Verbose: 0 : 9368, 7, 2024/06/18, 23:36:36.579, 31622343042721, vstest.console.dll, TcpClientExtensions.MessageLoopAsync: Polling on remoteEndPoint: 127.0.0.1:62330 localEndPoint: 127.0.0.1:62329
TpTrace Verbose: 0 : 9368, 7, 2024/06/18, 23:36:37.591, 31622353164450, vstest.console.dll, TcpClientExtensions.MessageLoopAsync: Polling on remoteEndPoint: 127.0.0.1:62330 localEndPoint: 127.0.0.1:62329
TpTrace Verbose: 0 : 9368, 7, 2024/06/18, 23:36:38.061, 31622357858232, vstest.console.dll, TcpClientExtensions.MessageLoopAsync: NotifyDataAvailable remoteEndPoint: 127.0.0.1:62330 localEndPoint: 127.0.0.1:62329
TpTrace Verbose: 0 : 9368, 7, 2024/06/18, 23:36:38.061, 31622357860081, vstest.console.dll, TestRequestSender.OnExecutionMessageReceived: Received message: {"Version":7,"MessageType":"TestSession.Message","Payload":{"MessageLevel":0,"Message":"[xUnit.net 00:00:01.48]   Discovering: Questao5.Tests"}}
TpTrace Verbose: 0 : 9368, 7, 2024/06/18, 23:36:38.061, 31622357861840, vstest.console.dll, TestRunRequest:SendTestRunMessage: Starting.
TpTrace Verbose: 0 : 9368, 7, 2024/06/18, 23:36:38.061, 31622357862565, vstest.console.dll, MulticastDelegateUtilities.SafeInvoke: TestRun.LogMessages: Invoking callback 1/1 for Microsoft.VisualStudio.TestPlatform.CommandLine.TestRunResultAggregator., took 0 ms.
TpTrace Information: 0 : 9368, 7, 2024/06/18, 23:36:38.061, 31622357862865, vstest.console.dll, TestRunRequest:SendTestRunMessage: Completed.
TpTrace Verbose: 0 : 9368, 4, 2024/06/18, 23:36:38.061, 31622357863000, vstest.console.dll, MulticastDelegateUtilities.SafeInvoke: InternalTestLoggerEvents.SendTestRunMessage: Invoking callback 1/1 for Microsoft.VisualStudio.TestPlatform.CommandLine.Internal.ConsoleLogger., took 0 ms.
TpTrace Verbose: 0 : 9368, 7, 2024/06/18, 23:36:38.061, 31622357863135, vstest.console.dll, MulticastDelegateUtilities.SafeInvoke: LengthPrefixCommunicationChannel: MessageReceived: Invoking callback 1/1 for Microsoft.VisualStudio.TestPlatform.CommunicationUtilities.TestRequestSender+<>c__DisplayClass34_0., took 0 ms.
TpTrace Verbose: 0 : 9368, 7, 2024/06/18, 23:36:38.061, 31622357864750, vstest.console.dll, TcpClientExtensions.MessageLoopAsync: Polling on remoteEndPoint: 127.0.0.1:62330 localEndPoint: 127.0.0.1:62329
TpTrace Verbose: 0 : 9368, 7, 2024/06/18, 23:36:38.100, 31622358249061, vstest.console.dll, TcpClientExtensions.MessageLoopAsync: NotifyDataAvailable remoteEndPoint: 127.0.0.1:62330 localEndPoint: 127.0.0.1:62329
TpTrace Verbose: 0 : 9368, 7, 2024/06/18, 23:36:38.100, 31622358250968, vstest.console.dll, TestRequestSender.OnExecutionMessageReceived: Received message: {"Version":7,"MessageType":"TestSession.Message","Payload":{"MessageLevel":0,"Message":"[xUnit.net 00:00:01.52]   Discovered:  Questao5.Tests"}}
TpTrace Verbose: 0 : 9368, 7, 2024/06/18, 23:36:38.100, 31622358252298, vstest.console.dll, TestRunRequest:SendTestRunMessage: Starting.
TpTrace Verbose: 0 : 9368, 7, 2024/06/18, 23:36:38.100, 31622358252926, vstest.console.dll, MulticastDelegateUtilities.SafeInvoke: TestRun.LogMessages: Invoking callback 1/1 for Microsoft.VisualStudio.TestPlatform.CommandLine.TestRunResultAggregator., took 0 ms.
TpTrace Information: 0 : 9368, 7, 2024/06/18, 23:36:38.100, 31622358253465, vstest.console.dll, TestRunRequest:SendTestRunMessage: Completed.
TpTrace Verbose: 0 : 9368, 7, 2024/06/18, 23:36:38.100, 31622358253962, vstest.console.dll, MulticastDelegateUtilities.SafeInvoke: LengthPrefixCommunicationChannel: MessageReceived: Invoking callback 1/1 for Microsoft.VisualStudio.TestPlatform.CommunicationUtilities.TestRequestSender+<>c__DisplayClass34_0., took 0 ms.
TpTrace Verbose: 0 : 9368, 4, 2024/06/18, 23:36:38.100, 31622358253452, vstest.console.dll, MulticastDelegateUtilities.SafeInvoke: InternalTestLoggerEvents.SendTestRunMessage: Invoking callback 1/1 for Microsoft.VisualStudio.TestPlatform.CommandLine.Internal.ConsoleLogger., took 0 ms.
TpTrace Verbose: 0 : 9368, 7, 2024/06/18, 23:36:38.100, 31622358254467, vstest.console.dll, TcpClientExtensions.MessageLoopAsync: Polling on remoteEndPoint: 127.0.0.1:62330 localEndPoint: 127.0.0.1:62329
TpTrace Verbose: 0 : 9368, 7, 2024/06/18, 23:36:38.103, 31622358285116, vstest.console.dll, TcpClientExtensions.MessageLoopAsync: NotifyDataAvailable remoteEndPoint: 127.0.0.1:62330 localEndPoint: 127.0.0.1:62329
TpTrace Verbose: 0 : 9368, 7, 2024/06/18, 23:36:38.104, 31622358287607, vstest.console.dll, TestRequestSender.OnExecutionMessageReceived: Received message: {"Version":7,"MessageType":"TestSession.Message","Payload":{"MessageLevel":0,"Message":"[xUnit.net 00:00:01.53]   Starting:    Questao5.Tests"}}
TpTrace Verbose: 0 : 9368, 7, 2024/06/18, 23:36:38.104, 31622358289459, vstest.console.dll, TestRunRequest:SendTestRunMessage: Starting.
TpTrace Verbose: 0 : 9368, 7, 2024/06/18, 23:36:38.104, 31622358290493, vstest.console.dll, MulticastDelegateUtilities.SafeInvoke: TestRun.LogMessages: Invoking callback 1/1 for Microsoft.VisualStudio.TestPlatform.CommandLine.TestRunResultAggregator., took 0 ms.
TpTrace Information: 0 : 9368, 7, 2024/06/18, 23:36:38.104, 31622358291089, vstest.console.dll, TestRunRequest:SendTestRunMessage: Completed.
TpTrace Verbose: 0 : 9368, 7, 2024/06/18, 23:36:38.104, 31622358292030, vstest.console.dll, MulticastDelegateUtilities.SafeInvoke: LengthPrefixCommunicationChannel: MessageReceived: Invoking callback 1/1 for Microsoft.VisualStudio.TestPlatform.CommunicationUtilities.TestRequestSender+<>c__DisplayClass34_0., took 0 ms.
TpTrace Verbose: 0 : 9368, 4, 2024/06/18, 23:36:38.104, 31622358291580, vstest.console.dll, MulticastDelegateUtilities.SafeInvoke: InternalTestLoggerEvents.SendTestRunMessage: Invoking callback 1/1 for Microsoft.VisualStudio.TestPlatform.CommandLine.Internal.ConsoleLogger., took 0 ms.
TpTrace Verbose: 0 : 9368, 7, 2024/06/18, 23:36:38.104, 31622358292549, vstest.console.dll, TcpClientExtensions.MessageLoopAsync: Polling on remoteEndPoint: 127.0.0.1:62330 localEndPoint: 127.0.0.1:62329
TpTrace Verbose: 0 : 9368, 7, 2024/06/18, 23:36:38.179, 31622359044964, vstest.console.dll, TcpClientExtensions.MessageLoopAsync: NotifyDataAvailable remoteEndPoint: 127.0.0.1:62330 localEndPoint: 127.0.0.1:62329
TpTrace Verbose: 0 : 9368, 7, 2024/06/18, 23:36:38.180, 31622359047806, vstest.console.dll, TestRequestSender.OnExecutionMessageReceived: Received message: {"Version":7,"MessageType":"TestExecution.StatsChange","Payload":{"NewTestResults":[],"TestRunStatistics":{"ExecutedTests":0,"Stats":{}},"ActiveTests":[{"Id":"77ae5455-932c-31f8-9419-c29e3156c397","FullyQualifiedName":"Questao5.Tests.Application.Handlers.MovimentacaoCommandHandlerTests.Handle_InativeAccount_ReturnsError","DisplayName":"Questao5.Tests.Application.Handlers.MovimentacaoCommandHandlerTests.Handle_InativeAccount_ReturnsError","ExecutorUri":"executor://xunit/VsTestRunner2/netcoreapp","Source":"C:\\Users\\rpsoares3\\Documents\\Nova pasta\\Questao5.Tests\\bin\\Debug\\net6.0\\fine-code-coverage\\build-output\\Questao5.Tests.dll","CodeFilePath":null,"LineNumber":0,"Properties":[]}]}}
TpTrace Verbose: 0 : 9368, 7, 2024/06/18, 23:36:38.191, 31622359164372, vstest.console.dll, TestRunRequest:SendTestRunStatsChange: Starting.
TpTrace Verbose: 0 : 9368, 7, 2024/06/18, 23:36:38.192, 31622359166687, vstest.console.dll, InProgress is Questao5.Tests.Application.Handlers.MovimentacaoCommandHandlerTests.Handle_InativeAccount_ReturnsError
TpTrace Verbose: 0 : 9368, 7, 2024/06/18, 23:36:38.192, 31622359168258, vstest.console.dll, MulticastDelegateUtilities.SafeInvoke: TestRun.RunStatsChanged: Invoking callbacks was skipped because there are no subscribers.
TpTrace Information: 0 : 9368, 7, 2024/06/18, 23:36:38.192, 31622359168821, vstest.console.dll, TestRunRequest:SendTestRunStatsChange: Completed.
TpTrace Verbose: 0 : 9368, 7, 2024/06/18, 23:36:38.192, 31622359169325, vstest.console.dll, MulticastDelegateUtilities.SafeInvoke: LengthPrefixCommunicationChannel: MessageReceived: Invoking callback 1/1 for Microsoft.VisualStudio.TestPlatform.CommunicationUtilities.TestRequestSender+<>c__DisplayClass34_0., took 12 ms.
TpTrace Verbose: 0 : 9368, 7, 2024/06/18, 23:36:38.192, 31622359169838, vstest.console.dll, TcpClientExtensions.MessageLoopAsync: Polling on remoteEndPoint: 127.0.0.1:62330 localEndPoint: 127.0.0.1:62329
TpTrace Verbose: 0 : 9368, 7, 2024/06/18, 23:36:38.311, 31622360361250, vstest.console.dll, TcpClientExtensions.MessageLoopAsync: NotifyDataAvailable remoteEndPoint: 127.0.0.1:62330 localEndPoint: 127.0.0.1:62329
TpTrace Verbose: 0 : 9368, 7, 2024/06/18, 23:36:38.311, 31622360362818, vstest.console.dll, TestRequestSender.OnExecutionMessageReceived: Received message: {"Version":7,"MessageType":"TestSession.Message","Payload":{"MessageLevel":0,"Message":"[xUnit.net 00:00:01.73]   Finished:    Questao5.Tests"}}
TpTrace Verbose: 0 : 9368, 7, 2024/06/18, 23:36:38.311, 31622360364380, vstest.console.dll, TestRunRequest:SendTestRunMessage: Starting.
TpTrace Verbose: 0 : 9368, 7, 2024/06/18, 23:36:38.311, 31622360365196, vstest.console.dll, MulticastDelegateUtilities.SafeInvoke: TestRun.LogMessages: Invoking callback 1/1 for Microsoft.VisualStudio.TestPlatform.CommandLine.TestRunResultAggregator., took 0 ms.
TpTrace Information: 0 : 9368, 7, 2024/06/18, 23:36:38.312, 31622360365592, vstest.console.dll, TestRunRequest:SendTestRunMessage: Completed.
TpTrace Verbose: 0 : 9368, 7, 2024/06/18, 23:36:38.312, 31622360365962, vstest.console.dll, MulticastDelegateUtilities.SafeInvoke: LengthPrefixCommunicationChannel: MessageReceived: Invoking callback 1/1 for Microsoft.VisualStudio.TestPlatform.CommunicationUtilities.TestRequestSender+<>c__DisplayClass34_0., took 0 ms.
TpTrace Verbose: 0 : 9368, 4, 2024/06/18, 23:36:38.312, 31622360366186, vstest.console.dll, MulticastDelegateUtilities.SafeInvoke: InternalTestLoggerEvents.SendTestRunMessage: Invoking callback 1/1 for Microsoft.VisualStudio.TestPlatform.CommandLine.Internal.ConsoleLogger., took 0 ms.
TpTrace Verbose: 0 : 9368, 7, 2024/06/18, 23:36:38.312, 31622360366321, vstest.console.dll, TcpClientExtensions.MessageLoopAsync: Polling on remoteEndPoint: 127.0.0.1:62330 localEndPoint: 127.0.0.1:62329
TpTrace Verbose: 0 : 9368, 7, 2024/06/18, 23:36:38.339, 31622360640496, vstest.console.dll, TcpClientExtensions.MessageLoopAsync: NotifyDataAvailable remoteEndPoint: 127.0.0.1:62330 localEndPoint: 127.0.0.1:62329
TpTrace Verbose: 0 : 9368, 7, 2024/06/18, 23:36:38.339, 31622360643032, vstest.console.dll, TestRequestSender.OnExecutionMessageReceived: Received message: {"Version":7,"MessageType":"TestExecution.Completed","Payload":{"TestRunCompleteArgs":{"TestRunStatistics":{"ExecutedTests":8,"Stats":{"Passed":8}},"IsCanceled":false,"IsAborted":false,"Error":null,"AttachmentSets":[],"InvokedDataCollectors":[],"ElapsedTimeInRunningTests":"00:00:01.7630661","Metrics":{},"DiscoveredExtensions":{"TestDiscoverers":["Xunit.Runner.VisualStudio.VsTestRunner, xunit.runner.visualstudio.dotnetcore.testadapter, Version=2.4.0.0, Culture=neutral, PublicKeyToken=8d05b1bb7a6fdb6c"],"TestExecutors":["executor://xunit/VsTestRunner2/netcoreapp"],"TestExecutors2":[],"TestSettingsProviders":[]}},"LastRunTests":{"NewTestResults":[{"TestCase":{"Id":"cdf40a84-debe-4e89-be82-5e1e197d6949","FullyQualifiedName":"Questao5.Tests.Application.Handlers.GetSaldoQueryHandlerTests.InvalidAccount_ReturnsError","DisplayName":"Questao5.Tests.Application.Handlers.GetSaldoQueryHandlerTests.InvalidAccount_ReturnsError","ExecutorUri":"executor://xunit/VsTestRunner2/netcoreapp","Source":"C:\\Users\\rpsoares3\\Documents\\Nova pasta\\Questao5.Tests\\bin\\Debug\\net6.0\\fine-code-coverage\\build-output\\Questao5.Tests.dll","CodeFilePath":null,"LineNumber":0,"Properties":[]},"Attachments":[],"Outcome":1,"ErrorMessage":null,"ErrorStackTrace":null,"DisplayName":"Questao5.Tests.Application.Handlers.GetSaldoQueryHandlerTests.InvalidAccount_ReturnsError","Messages":[],"ComputerName":"STFSAOC045824-L","Duration":"00:00:00.0915365","StartTime":"2024-06-19T02:36:38.2670353+00:00","EndTime":"2024-06-19T02:36:38.26706+00:00","Properties":[]},{"TestCase":{"Id":"a601ae76-6b54-2e81-aba6-78006a907c44","FullyQualifiedName":"Questao5.Tests.Application.Handlers.GetSaldoQueryHandlerTests.InactiveAccount_ReturnsError","DisplayName":"Questao5.Tests.Application.Handlers.GetSaldoQueryHandlerTests.InactiveAccount_ReturnsError","ExecutorUri":"executor://xunit/VsTestRunner2/netcoreapp","Source":"C:\\Users\\rpsoares3\\Documents\\Nova pasta\\Questao5.Tests\\bin\\Debug\\net6.0\\fine-code-coverage\\build-output\\Questao5.Tests.dll","CodeFilePath":null,"LineNumber":0,"Properties":[]},"Attachments":[],"Outcome":1,"ErrorMessage":null,"ErrorStackTrace":null,"DisplayName":"Questao5.Tests.Application.Handlers.GetSaldoQueryHandlerTests.InactiveAccount_ReturnsError","Messages":[],"ComputerName":"STFSAOC045824-L","Duration":"00:00:00.0008699","StartTime":"2024-06-19T02:36:38.2861997+00:00","EndTime":"2024-06-19T02:36:38.2861998+00:00","Properties":[]},{"TestCase":{"Id":"bb9c93a3-dbe2-4e39-4267-4f237c42389e","FullyQualifiedName":"Questao5.Tests.Application.Handlers.GetSaldoQueryHandlerTests.ValidAndActiveAccount_ReturnsSuccess","DisplayName":"Questao5.Tests.Application.Handlers.GetSaldoQueryHandlerTests.ValidAndActiveAccount_ReturnsSuccess","ExecutorUri":"executor://xunit/VsTestRunner2/netcoreapp","Source":"C:\\Users\\rpsoares3\\Documents\\Nova pasta\\Questao5.Tests\\bin\\Debug\\net6.0\\fine-code-coverage\\build-output\\Questao5.Tests.dll","CodeFilePath":null,"LineNumber":0,"Properties":[]},"Attachments":[],"Outcome":1,"ErrorMessage":null,"ErrorStackTrace":null,"DisplayName":"Questao5.Tests.Application.Handlers.GetSaldoQueryHandlerTests.ValidAndActiveAccount_ReturnsSuccess","Messages":[],"ComputerName":"STFSAOC045824-L","Duration":"00:00:00.0031240","StartTime":"2024-06-19T02:36:38.2893873+00:00","EndTime":"2024-06-19T02:36:38.2893874+00:00","Properties":[]},{"TestCase":{"Id":"77ae5455-932c-31f8-9419-c29e3156c397","FullyQualifiedName":"Questao5.Tests.Application.Handlers.MovimentacaoCommandHandlerTests.Handle_InativeAccount_ReturnsError","DisplayName":"Questao5.Tests.Application.Handlers.MovimentacaoCommandHandlerTests.Handle_InativeAccount_ReturnsError","ExecutorUri":"executor://xunit/VsTestRunner2/netcoreapp","Source":"C:\\Users\\rpsoares3\\Documents\\Nova pasta\\Questao5.Tests\\bin\\Debug\\net6.0\\fine-code-coverage\\build-output\\Questao5.Tests.dll","CodeFilePath":null,"LineNumber":0,"Properties":[]},"Attachments":[],"Outcome":1,"ErrorMessage":null,"ErrorStackTrace":null,"DisplayName":"Questao5.Tests.Application.Handlers.MovimentacaoCommandHandlerTests.Handle_InativeAccount_ReturnsError","Messages":[],"ComputerName":"STFSAOC045824-L","Duration":"00:00:00.1068387","StartTime":"2024-06-19T02:36:38.290973+00:00","EndTime":"2024-06-19T02:36:38.2909731+00:00","Properties":[]},{"TestCase":{"Id":"bbec2bc0-2c33-f1aa-385c-68fb5f1642a8","FullyQualifiedName":"Questao5.Tests.Application.Handlers.MovimentacaoCommandHandlerTests.Handle_InvalidValue_ReturnsError","DisplayName":"Questao5.Tests.Application.Handlers.MovimentacaoCommandHandlerTests.Handle_InvalidValue_ReturnsError","ExecutorUri":"executor://xunit/VsTestRunner2/netcoreapp","Source":"C:\\Users\\rpsoares3\\Documents\\Nova pasta\\Questao5.Tests\\bin\\Debug\\net6.0\\fine-code-coverage\\build-output\\Questao5.Tests.dll","CodeFilePath":null,"LineNumber":0,"Properties":[]},"Attachments":[],"Outcome":1,"ErrorMessage":null,"ErrorStackTrace":null,"DisplayName":"Questao5.Tests.Application.Handlers.MovimentacaoCommandHandlerTests.Handle_InvalidValue_ReturnsError","Messages":[],"ComputerName":"STFSAOC045824-L","Duration":"00:00:00.0012969","StartTime":"2024-06-19T02:36:38.2935954+00:00","EndTime":"2024-06-19T02:36:38.2935954+00:00","Properties":[]},{"TestCase":{"Id":"551fe9db-0398-e73d-2481-c20d877fe354","FullyQualifiedName":"Questao5.Tests.Application.Handlers.MovimentacaoCommandHandlerTests.Handle_ValidRequest_ReturnsSuccess","DisplayName":"Questao5.Tests.Application.Handlers.MovimentacaoCommandHandlerTests.Handle_ValidRequest_ReturnsSuccess","ExecutorUri":"executor://xunit/VsTestRunner2/netcoreapp","Source":"C:\\Users\\rpsoares3\\Documents\\Nova pasta\\Questao5.Tests\\bin\\Debug\\net6.0\\fine-code-coverage\\build-output\\Questao5.Tests.dll","CodeFilePath":null,"LineNumber":0,"Properties":[]},"Attachments":[],"Outcome":1,"ErrorMessage":null,"ErrorStackTrace":null,"DisplayName":"Questao5.Tests.Application.Handlers.MovimentacaoCommandHandlerTests.Handle_ValidRequest_ReturnsSuccess","Messages":[],"ComputerName":"STFSAOC045824-L","Duration":"00:00:00.0065772","StartTime":"2024-06-19T02:36:38.2959339+00:00","EndTime":"2024-06-19T02:36:38.2959339+00:00","Properties":[]},{"TestCase":{"Id":"511a6c0a-98ce-768c-6dfc-2919e5a1ca5d","FullyQualifiedName":"Questao5.Tests.Application.Handlers.MovimentacaoCommandHandlerTests.Handle_InvalidAccount_ReturnsError","DisplayName":"Questao5.Tests.Application.Handlers.MovimentacaoCommandHandlerTests.Handle_InvalidAccount_ReturnsError","ExecutorUri":"executor://xunit/VsTestRunner2/netcoreapp","Source":"C:\\Users\\rpsoares3\\Documents\\Nova pasta\\Questao5.Tests\\bin\\Debug\\net6.0\\fine-code-coverage\\build-output\\Questao5.Tests.dll","CodeFilePath":null,"LineNumber":0,"Properties":[]},"Attachments":[],"Outcome":1,"ErrorMessage":null,"ErrorStackTrace":null,"DisplayName":"Questao5.Tests.Application.Handlers.MovimentacaoCommandHandlerTests.Handle_InvalidAccount_ReturnsError","Messages":[],"ComputerName":"STFSAOC045824-L","Duration":"00:00:00.0010344","StartTime":"2024-06-19T02:36:38.3063671+00:00","EndTime":"2024-06-19T02:36:38.3063672+00:00","Properties":[]},{"TestCase":{"Id":"03bb3ed0-72c6-b5b3-8ec8-320bbb586132","FullyQualifiedName":"Questao5.Tests.Application.Handlers.MovimentacaoCommandHandlerTests.Handle_InvalidMoviment_ReturnsError","DisplayName":"Questao5.Tests.Application.Handlers.MovimentacaoCommandHandlerTests.Handle_InvalidMoviment_ReturnsError","ExecutorUri":"executor://xunit/VsTestRunner2/netcoreapp","Source":"C:\\Users\\rpsoares3\\Documents\\Nova pasta\\Questao5.Tests\\bin\\Debug\\net6.0\\fine-code-coverage\\build-output\\Questao5.Tests.dll","CodeFilePath":null,"LineNumber":0,"Properties":[]},"Attachments":[],"Outcome":1,"ErrorMessage":null,"ErrorStackTrace":null,"DisplayName":"Questao5.Tests.Application.Handlers.MovimentacaoCommandHandlerTests.Handle_InvalidMoviment_ReturnsError","Messages":[],"ComputerName":"STFSAOC045824-L","Duration":"00:00:00.0009500","StartTime":"2024-06-19T02:36:38.3090357+00:00","EndTime":"2024-06-19T02:36:38.3090357+00:00","Properties":[]}],"TestRunStatistics":{"ExecutedTests":8,"Stats":{"Passed":8}},"ActiveTests":[]},"RunAttachments":[],"ExecutorUris":["executor://xunit/VsTestRunner2/netcoreapp"]}}
TpTrace Verbose: 0 : 9368, 7, 2024/06/18, 23:36:38.339, 31622360644521, vstest.console.dll, TestRequestSender.EndSession: Sending end session.
TpTrace Verbose: 0 : 9368, 7, 2024/06/18, 23:36:38.340, 31622360646744, vstest.console.dll, ProxyOperationManager.Close: waiting for test host to exit for 100 ms
TpTrace Verbose: 0 : 9368, 11, 2024/06/18, 23:36:38.361, 31622360856036, vstest.console.dll, TestHostManagerCallbacks.ctor: Experimental forwarding output is disabled.
TpTrace Warning: 0 : 9368, 11, 2024/06/18, 23:36:38.361, 31622360857627, vstest.console.dll, TestHostManagerCallbacks.ErrorReceivedCallback Test host standard error line: 
TpTrace Verbose: 0 : 9368, 11, 2024/06/18, 23:36:38.384, 31622361087478, vstest.console.dll, TestHostProvider.ExitCallBack: Host exited starting callback.
TpTrace Information: 0 : 9368, 11, 2024/06/18, 23:36:38.384, 31622361088995, vstest.console.dll, TestHostManagerCallbacks.ExitCallBack: Testhost processId: 15504 exited with exitcode: 0 error: ''
TpTrace Verbose: 0 : 9368, 11, 2024/06/18, 23:36:38.384, 31622361089406, vstest.console.dll, DotnetTestHostManager.OnHostExited: invoking OnHostExited callback
TpTrace Verbose: 0 : 9368, 11, 2024/06/18, 23:36:38.384, 31622361089901, vstest.console.dll, CrossPlatEngine.TestHostManagerHostExited: calling on client process exit callback.
TpTrace Information: 0 : 9368, 11, 2024/06/18, 23:36:38.384, 31622361090373, vstest.console.dll, TestRequestSender.OnClientProcessExit: Test host process exited. Standard error: 
TpTrace Information: 0 : 9368, 11, 2024/06/18, 23:36:38.384, 31622361090704, vstest.console.dll, SocketServer.Stop: Stop server endPoint: 127.0.0.1:62329
TpTrace Information: 0 : 9368, 11, 2024/06/18, 23:36:38.384, 31622361090931, vstest.console.dll, SocketServer.Stop: Cancellation requested. Stopping message loop.
TpTrace Information: 0 : 9368, 7, 2024/06/18, 23:36:38.384, 31622361090878, vstest.console.dll, SocketServer.Stop: Stop server endPoint: 127.0.0.1:62329
TpTrace Verbose: 0 : 9368, 11, 2024/06/18, 23:36:38.384, 31622361091949, vstest.console.dll, MulticastDelegateUtilities.SafeInvoke: HostProviderEvents.OnHostExited: Invoking callback 1/1 for Microsoft.VisualStudio.TestPlatform.CrossPlatEngine.Client.ProxyOperationManager., took 0 ms.
TpTrace Information: 0 : 9368, 7, 2024/06/18, 23:36:38.384, 31622361092144, vstest.console.dll, SocketServer.Stop: Cancellation requested. Stopping message loop.
TpTrace Information: 0 : 9368, 7, 2024/06/18, 23:36:38.384, 31622361094356, vstest.console.dll, Closing the connection
TpTrace Verbose: 0 : 9368, 7, 2024/06/18, 23:36:38.385, 31622361098340, vstest.console.dll, ProxyDataCollectionManager.InvokeDataCollectionServiceAction: Starting.
TpTrace Information: 0 : 9368, 7, 2024/06/18, 23:36:38.385, 31622361099415, vstest.console.dll, ProxyDataCollectionManager.AfterTestRunEnd: Get attachment set and invoked data collectors processId: 18616 port: 62324
TpTrace Verbose: 0 : 9368, 7, 2024/06/18, 23:36:38.385, 31622361100466, vstest.console.dll, DataCollectionRequestSender.SendAfterTestRunStartAndGetResult: Send AfterTestRunEnd message with isCancelled: False
TpTrace Verbose: 0 : 9368, 7, 2024/06/18, 23:36:38.396, 31622361208472, vstest.console.dll, DataCollectionRequestSender.SendAfterTestRunStartAndGetResult: Received message: (DataCollection.AfterTestRunEndResult) -> {"MessageType":"DataCollection.AfterTestRunEndResult","Payload":{"AttachmentSets":[],"InvokedDataCollectors":[{"Uri":"datacollector://Microsoft/TestPlatform/Extensions/Blame/v1","FriendlyName":"Blame","AssemblyQualifiedName":"Microsoft.TestPlatform.Extensions.BlameDataCollector.BlameCollector, Microsoft.TestPlatform.Extensions.BlameDataCollector, Version=15.0.0.0, Culture=neutral, PublicKeyToken=b03f5f7f11d50a3a","FilePath":"C:\\Program Files\\dotnet\\sdk\\8.0.101\\Extensions\\Microsoft.TestPlatform.Extensions.BlameDataCollector.dll","HasAttachmentProcessor":false}],"Metrics":{}}}
TpTrace Information: 0 : 9368, 7, 2024/06/18, 23:36:38.403, 31622361280836, vstest.console.dll, ProxyDataCollectionManager.InvokeDataCollectionServiceAction: Completed.
TpTrace Warning: 0 : 9368, 10, 2024/06/18, 23:36:38.403, 31622361282157, vstest.console.dll, DataCollectionLauncher.ErrorReceivedCallback datacollector standard error line: 
TpTrace Information: 0 : 9368, 10, 2024/06/18, 23:36:38.412, 31622361372646, vstest.console.dll, DataCollectionLauncher.ExitCallBack: Data collector exited with exitcode: 0 error: ''
TpTrace Verbose: 0 : 9368, 7, 2024/06/18, 23:36:38.442, 31622361670175, vstest.console.dll, TestRunRequest:SendTestRunStatsChange: Starting.
TpTrace Verbose: 0 : 9368, 7, 2024/06/18, 23:36:38.442, 31622361672526, vstest.console.dll, MulticastDelegateUtilities.SafeInvoke: TestRun.RunStatsChanged: Invoking callbacks was skipped because there are no subscribers.
TpTrace Information: 0 : 9368, 7, 2024/06/18, 23:36:38.442, 31622361673002, vstest.console.dll, TestRunRequest:SendTestRunStatsChange: Completed.
TpTrace Verbose: 0 : 9368, 7, 2024/06/18, 23:36:38.443, 31622361677317, vstest.console.dll, ParallelProxyExecutionManager: HandlePartialRunComplete: Total workloads = 1, Total started clients = 1 Total completed clients = 1, Run complete = True, Run canceled: False.
TpTrace Verbose: 0 : 9368, 7, 2024/06/18, 23:36:38.449, 31622361737057, vstest.console.dll, ParallelProxyExecutionManager: HandlePartialRunComplete: All runs completed stopping all managers.
TpTrace Verbose: 0 : 9368, 7, 2024/06/18, 23:36:38.449, 31622361738985, vstest.console.dll, ParallelOperationManager.StopAllManagers: Stopping all managers.
TpTrace Verbose: 0 : 9368, 7, 2024/06/18, 23:36:38.449, 31622361739296, vstest.console.dll, ParallelOperationManager.ClearSlots: Clearing all slots. Slots should accept more work: False
TpTrace Verbose: 0 : 9368, 7, 2024/06/18, 23:36:38.449, 31622361739889, vstest.console.dll, ParallelOperationManager.SetOccupiedSlotCount: Setting slot counts AvailableSlotCount = 1, OccupiedSlotCount = 0.
TpTrace Verbose: 0 : 9368, 7, 2024/06/18, 23:36:38.449, 31622361740463, vstest.console.dll, Occupied slots:

TpTrace Verbose: 0 : 9368, 4, 2024/06/18, 23:36:38.450, 31622361751341, vstest.console.dll, MulticastDelegateUtilities.SafeInvoke: InternalTestLoggerEvents.SendTestResult: Invoking callback 1/1 for Microsoft.VisualStudio.TestPlatform.CommandLine.Internal.ConsoleLogger., took 7 ms.
TpTrace Verbose: 0 : 9368, 4, 2024/06/18, 23:36:38.450, 31622361754432, vstest.console.dll, MulticastDelegateUtilities.SafeInvoke: InternalTestLoggerEvents.SendTestResult: Invoking callback 1/1 for Microsoft.VisualStudio.TestPlatform.CommandLine.Internal.ConsoleLogger., took 0 ms.
TpTrace Verbose: 0 : 9368, 4, 2024/06/18, 23:36:38.450, 31622361755214, vstest.console.dll, MulticastDelegateUtilities.SafeInvoke: InternalTestLoggerEvents.SendTestResult: Invoking callback 1/1 for Microsoft.VisualStudio.TestPlatform.CommandLine.Internal.ConsoleLogger., took 0 ms.
TpTrace Verbose: 0 : 9368, 4, 2024/06/18, 23:36:38.451, 31622361755555, vstest.console.dll, MulticastDelegateUtilities.SafeInvoke: InternalTestLoggerEvents.SendTestResult: Invoking callback 1/1 for Microsoft.VisualStudio.TestPlatform.CommandLine.Internal.ConsoleLogger., took 0 ms.
TpTrace Verbose: 0 : 9368, 4, 2024/06/18, 23:36:38.451, 31622361755864, vstest.console.dll, MulticastDelegateUtilities.SafeInvoke: InternalTestLoggerEvents.SendTestResult: Invoking callback 1/1 for Microsoft.VisualStudio.TestPlatform.CommandLine.Internal.ConsoleLogger., took 0 ms.
TpTrace Verbose: 0 : 9368, 4, 2024/06/18, 23:36:38.451, 31622361756163, vstest.console.dll, MulticastDelegateUtilities.SafeInvoke: InternalTestLoggerEvents.SendTestResult: Invoking callback 1/1 for Microsoft.VisualStudio.TestPlatform.CommandLine.Internal.ConsoleLogger., took 0 ms.
TpTrace Verbose: 0 : 9368, 4, 2024/06/18, 23:36:38.451, 31622361756471, vstest.console.dll, MulticastDelegateUtilities.SafeInvoke: InternalTestLoggerEvents.SendTestResult: Invoking callback 1/1 for Microsoft.VisualStudio.TestPlatform.CommandLine.Internal.ConsoleLogger., took 0 ms.
TpTrace Verbose: 0 : 9368, 4, 2024/06/18, 23:36:38.451, 31622361756746, vstest.console.dll, MulticastDelegateUtilities.SafeInvoke: InternalTestLoggerEvents.SendTestResult: Invoking callback 1/1 for Microsoft.VisualStudio.TestPlatform.CommandLine.Internal.ConsoleLogger., took 0 ms.
TpTrace Verbose: 0 : 9368, 4, 2024/06/18, 23:36:38.455, 31622361800864, vstest.console.dll, MulticastDelegateUtilities.SafeInvoke: InternalTestLoggerEvents.SendTestRunComplete: Invoking callback 1/2 for Microsoft.TestPlatform.Extensions.BlameDataCollector.BlameLogger., took 0 ms.
TpTrace Verbose: 0 : 9368, 4, 2024/06/18, 23:36:38.460, 31622361846668, vstest.console.dll, MulticastDelegateUtilities.SafeInvoke: InternalTestLoggerEvents.SendTestRunComplete: Invoking callback 2/2 for Microsoft.VisualStudio.TestPlatform.CommandLine.Internal.ConsoleLogger., took 4 ms.
TpTrace Verbose: 0 : 9368, 7, 2024/06/18, 23:36:38.460, 31622361849656, vstest.console.dll, TestRunRequest:TestRunComplete: Starting. IsAborted:False IsCanceled:False.
TpTrace Verbose: 0 : 9368, 7, 2024/06/18, 23:36:38.460, 31622361851124, vstest.console.dll, ParallelOperationManager.DoActionOnAllManagers: Calling an action on all managers.
TpTrace Verbose: 0 : 9368, 7, 2024/06/18, 23:36:38.461, 31622361858525, vstest.console.dll, TestLoggerManager.HandleTestRunComplete: Ignoring as the object is disposed.
TpTrace Verbose: 0 : 9368, 7, 2024/06/18, 23:36:38.461, 31622361860503, vstest.console.dll, MulticastDelegateUtilities.SafeInvoke: TestRun.TestRunComplete: Invoking callback 1/2 for Microsoft.VisualStudio.TestPlatform.CommandLine.TestRunResultAggregator., took 0 ms.
TpTrace Verbose: 0 : 9368, 7, 2024/06/18, 23:36:38.461, 31622361861479, vstest.console.dll, MulticastDelegateUtilities.SafeInvoke: TestRun.TestRunComplete: Invoking callback 2/2 for Microsoft.VisualStudio.TestPlatform.CommandLine.Processors.RunTestsArgumentExecutor+TestRunRequestEventsRegistrar., took 0 ms.
TpTrace Information: 0 : 9368, 7, 2024/06/18, 23:36:38.461, 31622361862421, vstest.console.dll, TestRunRequest:TestRunComplete: Completed.
TpTrace Verbose: 0 : 9368, 1, 2024/06/18, 23:36:38.461, 31622361862591, vstest.console.dll, TestRunRequest.Dispose: Starting.
TpTrace Verbose: 0 : 9368, 7, 2024/06/18, 23:36:38.461, 31622361862801, vstest.console.dll, TestRequestSender.SetOperationComplete: Setting operation complete.
TpTrace Information: 0 : 9368, 1, 2024/06/18, 23:36:38.461, 31622361863230, vstest.console.dll, TestRunRequest.Dispose: Completed.
TpTrace Information: 0 : 9368, 7, 2024/06/18, 23:36:38.461, 31622361863886, vstest.console.dll, SocketServer.Stop: Stop server endPoint: 127.0.0.1:62329
TpTrace Information: 0 : 9368, 7, 2024/06/18, 23:36:38.461, 31622361864271, vstest.console.dll, SocketServer.Stop: Cancellation requested. Stopping message loop.
TpTrace Information: 0 : 9368, 1, 2024/06/18, 23:36:38.461, 31622361864419, vstest.console.dll, TestRequestManager.RunTests: run tests completed.
TpTrace Verbose: 0 : 9368, 7, 2024/06/18, 23:36:38.461, 31622361864615, vstest.console.dll, MulticastDelegateUtilities.SafeInvoke: LengthPrefixCommunicationChannel: MessageReceived: Invoking callback 1/1 for Microsoft.VisualStudio.TestPlatform.CommunicationUtilities.TestRequestSender+<>c__DisplayClass34_0., took 122 ms.
TpTrace Information: 0 : 9368, 1, 2024/06/18, 23:36:38.461, 31622361865160, vstest.console.dll, RunTestsArgumentProcessor:Execute: Test run is completed.
TpTrace Information: 0 : 9368, 7, 2024/06/18, 23:36:38.461, 31622361865255, vstest.console.dll, SocketServer.PrivateStop: Stopping server endPoint: 127.0.0.1:62329 error: 
TpTrace Verbose: 0 : 9368, 1, 2024/06/18, 23:36:38.462, 31622361867135, vstest.console.dll, Executor.Execute: Exiting with exit code of 0
TpTrace Verbose: 0 : 9368, 7, 2024/06/18, 23:36:38.462, 31622361869583, vstest.console.dll, LengthPrefixCommunicationChannel.Dispose: Dispose reader and writer.
TpTrace Information: 0 : 9368, 7, 2024/06/18, 23:36:38.462, 31622361870315, vstest.console.dll, SocketServer.Stop: Raise disconnected event endPoint: 127.0.0.1:62329 error: 
TpTrace Verbose: 0 : 9368, 7, 2024/06/18, 23:36:38.462, 31622361870990, vstest.console.dll, TestRequestSender: OnTestRunAbort: Operation is already complete. Skip error message.
TpTrace Verbose: 0 : 9368, 7, 2024/06/18, 23:36:38.462, 31622361871322, vstest.console.dll, MulticastDelegateUtilities.SafeInvoke: SocketServer: ClientDisconnected: Invoking callback 1/1 for Microsoft.VisualStudio.TestPlatform.CommunicationUtilities.TestRequestSender., took 0 ms.
TpTrace Verbose: 0 : 9368, 7, 2024/06/18, 23:36:38.462, 31622361871657, vstest.console.dll, TcpClientExtensions.MessageLoopAsync: exiting MessageLoopAsync remoteEndPoint: 127.0.0.1:62330 localEndPoint: 127.0.0.1:62329
